0 295.000000 0.875000 53
0 261.000000 1.000000 53
0 280.000000 1.000000 60
0 293.000000 1.000000 60
0 296.000000 1.000000 60
0 316.000000 1.000000 60
0 305.000000 1.000000 60
0 261.000000 1.000000 60
0 282.000000 1.000000 60
0 267.000000 1.000000 60
0 302.000000 1.000000 60
0 291.000000 1.000000 53
0 169.000000 0.000000 7
0 169.000000 0.000000 13
0 151.000000 0.000000 20
0 132.000000 0.000000 27
0 113.000000 0.000000 40
0 125.000000 0.000000 47
0 147.000000 0.000000 60
0 154.000000 0.000000 73
0 165.000000 0.000000 80
0 176.000000 0.000000 87
0 172.000000 0.000000 87
0 182.000000 0.000000 93
0 170.000000 0.000000 100
0 189.000000 0.000000 93
0 159.000000 0.000000 93
0 181.000000 0.000000 93
0 164.000000 0.000000 93
0 177.000000 0.000000 100
0 170.000000 0.000000 93
0 155.000000 0.000000 93
0 157.000000 0.000000 87
0 173.000000 0.000000 87
0 171.000000 0.000000 87
0 172.000000 0.000000 87
0 151.000000 0.000000 87
0 156.000000 0.000000 87
0 154.000000 0.000000 80
0 167.000000 0.000000 87
0 167.000000 0.000000 87
0 171.000000 0.000000 87
0 176.000000 0.000000 87
0 180.000000 0.000000 87
0 164.000000 0.000000 87
0 174.000000 0.000000 87
0 167.000000 0.000000 87
0 154.000000 0.000000 87
0 168.000000 0.000000 87
0 174.000000 0.000000 87
0 199.000000 0.000000 93
0 196.000000 0.000000 93
0 213.000000 0.000000 93
0 241.000000 0.000000 100
0 207.000000 0.000000 93
0 220.000000 0.000000 93
0 218.000000 0.000000 93
0 231.000000 0.000000 93
0 235.000000 0.000000 93
0 215.000000 0.000000 93
0 216.000000 0.000000 93
0 188.000000 0.000000 93
0 173.000000 0.000000 87
0 177.000000 0.000000 87
0 176.000000 0.000000 87
0 163.000000 0.000000 93
0 158.000000 0.000000 87
0 177.000000 0.000000 93
0 167.000000 0.000000 93
0 191.000000 0.000000 87
0 204.000000 0.000000 93
0 210.000000 0.000000 93
0 192.000000 0.000000 93
0 186.000000 0.000000 93
0 204.000000 0.000000 87
0 176.000000 0.000000 93
0 187.000000 0.000000 87
0 189.000000 0.000000 87
0 172.000000 0.000000 87
0 182.000000 0.000000 87
0 199.000000 0.000000 93
0 187.000000 0.000000 93
0 184.000000 0.000000 93
0 182.000000 0.000000 93
0 196.000000 0.000000 93
0 164.000000 0.000000 93
0 146.000000 0.000000 87
0 156.000000 0.000000 93
0 150.000000 0.000000 93
0 139.000000 0.000000 87
0 139.000000 0.000000 93
0 136.000000 0.000000 87
0 135.000000 0.000000 87
0 139.000000 0.000000 80
0 165.000000 0.000000 87
0 164.000000 0.000000 93
0 162.000000 0.000000 87
0 155.000000 0.000000 80
0 147.000000 0.000000 87
0 163.000000 0.000000 80
0 164.000000 0.000000 87
0 185.000000 0.000000 93
0 180.000000 0.000000 100
0 173.000000 0.000000 93
0 160.000000 0.000000 87
0 171.000000 0.000000 93
0 167.000000 0.000000 93
0 183.000000 0.000000 93
0 176.000000 0.000000 93
0 176.000000 0.000000 93
0 142.000000 0.000000 87
0 143.000000 0.000000 87
0 148.000000 0.000000 87
0 147.000000 0.000000 87
0 128.000000 0.000000 80
0 118.000000 0.000000 87
0 105.000000 0.000000 80
0 118.000000 0.000000 87
0 134.000000 0.000000 80
0 171.000000 0.000000 87
0 171.000000 0.000000 80
0 182.000000 0.000000 87
0 207.000000 0.000000 93
0 214.000000 0.000000 93
0 215.000000 0.000000 93
0 198.000000 0.000000 100
0 191.000000 0.000000 93
0 179.000000 0.000000 93
0 161.000000 0.000000 87
0 164.000000 0.000000 87
0 176.000000 0.000000 87
0 200.000000 0.000000 87
0 181.000000 0.000000 93
0 160.000000 0.000000 87
0 174.000000 0.000000 80
0 180.000000 0.000000 87
0 181.000000 0.000000 87
0 180.000000 0.000000 93
0 198.000000 0.000000 93
0 162.000000 0.000000 93
0 137.000000 0.000000 87
0 164.000000 0.000000 87
0 171.000000 0.000000 93
0 167.000000 0.000000 93
0 167.000000 0.000000 87
0 144.000000 0.000000 87
0 135.000000 0.000000 87
0 148.000000 0.000000 87
0 164.000000 0.000000 87
0 162.000000 0.000000 87
0 133.000000 0.000000 87
0 136.000000 0.000000 80
0 149.000000 0.000000 80
0 161.000000 0.000000 87
0 174.000000 0.000000 93
0 174.000000 0.000000 87
0 180.000000 0.000000 87
0 187.000000 0.000000 87
0 205.000000 0.000000 93
0 205.000000 0.000000 87
0 215.000000 0.000000 93
0 193.000000 0.000000 93
0 202.000000 0.000000 93
0 214.000000 0.000000 93
0 200.000000 0.000000 93
0 198.000000 0.000000 93
0 206.000000 0.000000 93
0 198.000000 0.000000 93
0 190.000000 0.000000 93
0 170.000000 0.000000 87
0 175.000000 0.000000 93
0 141.000000 0.000000 87
0 140.000000 0.000000 87
0 146.000000 0.000000 87
0 127.000000 0.000000 87
0 115.000000 0.000000 87
0 136.000000 0.000000 80
0 145.000000 0.000000 87
0 152.000000 0.000000 93
0 162.000000 0.000000 87
0 177.000000 0.000000 93
0 186.000000 0.000000 93
0 179.000000 0.000000 93
0 206.000000 0.000000 100
0 208.000000 0.000000 100
0 216.000000 0.000000 100
0 192.000000 0.000000 100
0 196.000000 0.000000 93
0 177.000000 0.000000 93
0 181.000000 0.000000 87
0 193.000000 0.000000 87
0 178.000000 0.000000 87
0 165.000000 0.000000 87
0 136.000000 0.000000 80
0 143.000000 0.000000 80
0 140.000000 0.000000 73
0 129.000000 0.000000 80
0 180.000000 0.000000 80
0 150.000000 0.000000 87
0 152.000000 0.000000 80
0 183.000000 0.000000 93
0 176.000000 0.000000 80
0 194.000000 0.000000 87
0 197.000000 0.000000 87
0 210.000000 0.000000 93
0 203.000000 0.000000 93
0 195.000000 0.000000 93
0 198.000000 0.000000 87
0 176.000000 0.000000 93
0 175.000000 0.000000 80
0 163.000000 0.000000 87
0 160.000000 0.000000 80
0 158.000000 0.000000 87
0 143.000000 0.000000 80
0 148.000000 0.000000 80
0 176.000000 0.000000 87
0 187.000000 0.000000 93
0 183.000000 0.000000 87
0 186.000000 0.000000 87
0 198.000000 0.000000 93
0 196.000000 0.000000 93
0 205.000000 0.000000 93
0 219.000000 0.000000 100
0 216.000000 0.000000 100
0 196.000000 0.000000 93
0 196.000000 0.000000 93
0 197.000000 0.000000 93
0 186.000000 0.000000 93
0 170.000000 0.000000 87
0 168.000000 0.000000 93
0 133.000000 0.000000 87
0 116.000000 0.000000 80
0 126.000000 0.000000 80
0 105.000000 0.000000 80
0 97.000000 0.000000 73
0 119.000000 0.000000 73
0 119.000000 0.000000 80
0 113.000000 0.000000 80
0 126.000000 0.000000 73
0 134.000000 0.000000 80
0 148.000000 0.000000 80
0 157.000000 0.000000 80
0 159.000000 0.000000 80
0 172.000000 0.000000 87
0 196.000000 0.000000 93
0 200.000000 0.000000 93
0 186.000000 0.000000 93
0 199.000000 0.000000 100
0 191.000000 0.000000 93
0 209.000000 0.000000 100
0 220.000000 0.000000 100
0 203.000000 0.000000 107
0 190.000000 0.000000 100
0 194.000000 0.000000 100
0 191.000000 0.000000 93
0 177.000000 0.000000 93
0 190.000000 0.000000 93
0 200.000000 0.000000 93
0 170.000000 0.000000 93
0 166.000000 0.000000 87
0 128.000000 0.000000 80
0 166.000000 0.000000 87
0 168.000000 0.000000 80
0 190.000000 0.000000 93
0 190.000000 0.000000 93
0 187.000000 0.000000 87
0 187.000000 0.000000 93
0 186.000000 0.000000 87
0 203.000000 0.000000 93
0 189.000000 0.000000 93
0 178.000000 0.000000 93
0 163.000000 0.000000 93
0 150.000000 0.000000 80
0 172.000000 0.000000 87
0 157.000000 0.000000 87
0 164.000000 0.000000 87
0 160.000000 0.000000 87
0 149.000000 0.000000 80
0 154.000000 0.000000 87
0 153.000000 0.000000 80
0 165.000000 0.000000 80
0 146.000000 0.000000 80
0 140.000000 0.000000 80
0 128.000000 0.000000 80
0 134.000000 0.000000 73
0 136.000000 0.000000 73
0 136.000000 0.000000 80
0 130.000000 0.000000 73
0 140.000000 0.000000 80
0 164.000000 0.000000 87
0 161.000000 0.000000 87
0 177.000000 0.000000 87
0 170.000000 0.000000 87
0 185.000000 0.000000 93
0 161.000000 0.000000 93
0 153.000000 0.000000 87
0 160.000000 0.000000 87
0 155.000000 0.000000 87
0 149.000000 0.000000 80
0 150.000000 0.000000 87
0 142.000000 0.000000 87
0 145.000000 0.000000 87
0 133.000000 0.000000 80
0 135.000000 0.000000 80
0 145.000000 0.000000 80
0 149.000000 0.000000 87
0 156.000000 0.000000 80
0 135.000000 0.000000 87
0 147.000000 0.000000 80
0 164.000000 0.000000 80
0 174.000000 0.000000 80
0 189.000000 0.000000 87
0 160.000000 0.000000 87
0 155.000000 0.000000 87
0 155.000000 0.000000 87
0 170.000000 0.000000 87
0 167.000000 0.000000 87
0 142.000000 0.000000 87
0 119.000000 0.000000 80
0 127.000000 0.000000 87
0 120.000000 0.000000 80
0 117.000000 0.000000 80
0 124.000000 0.000000 80
0 137.000000 0.000000 80
0 132.000000 0.000000 80
0 150.000000 0.000000 80
0 165.000000 0.000000 80
0 150.000000 0.000000 87
0 183.000000 0.000000 87
0 224.000000 0.000000 87
0 238.000000 0.000000 100
0 234.000000 0.000000 93
0 236.000000 0.000000 93
0 241.000000 0.000000 100
0 229.000000 0.000000 93
0 210.000000 0.000000 100
0 230.000000 0.000000 93
0 191.000000 0.000000 87
0 155.000000 0.000000 80
0 152.000000 0.000000 73
0 161.000000 0.000000 80
0 142.000000 0.000000 80
0 136.000000 0.000000 73
0 119.000000 0.000000 73
0 141.000000 0.000000 73
0 160.000000 0.000000 80
0 161.000000 0.000000 80
0 159.000000 0.000000 87
0 143.000000 0.000000 80
0 154.000000 0.000000 87
0 165.000000 0.000000 80
0 168.000000 0.000000 87
0 163.000000 0.000000 93
0 132.000000 0.000000 87
0 159.000000 0.000000 80
0 159.000000 0.000000 87
0 185.000000 0.000000 87
0 186.000000 0.000000 87
0 179.000000 0.000000 87
0 154.000000 0.000000 87
0 167.000000 0.000000 87
0 195.000000 0.000000 87
0 217.000000 0.000000 87
0 200.000000 0.000000 93
0 206.000000 0.000000 87
0 198.000000 0.000000 93
0 201.000000 0.000000 93
0 202.000000 0.000000 87
0 215.000000 0.000000 93
0 198.000000 0.000000 93
0 177.000000 0.000000 87
0 181.000000 0.000000 93
0 175.000000 0.000000 87
0 167.000000 0.000000 87
0 159.000000 0.000000 80
0 133.000000 0.000000 80
0 108.000000 0.000000 80
0 114.000000 0.000000 80
0 118.000000 0.000000 73
0 108.000000 0.000000 80
0 115.000000 0.000000 73
0 124.000000 0.000000 73
0 266.000000 0.083333 80
0 271.000000 0.000000 87
0 255.000000 0.000000 93
0 257.000000 0.000000 100
0 239.000000 0.000000 100
0 208.000000 0.000000 93
0 212.000000 0.000000 93
0 207.000000 0.000000 100
0 196.000000 0.000000 100
0 215.000000 0.000000 100
0 187.000000 0.000000 93
0 224.000000 0.000000 93
0 224.000000 0.000000 93
0 224.000000 0.000000 93
0 248.000000 0.000000 100
0 231.000000 0.000000 100
0 267.000000 0.000000 100
0 259.000000 0.000000 107
0 249.000000 0.000000 100
0 264.000000 0.062500 107
0 254.000000 0.066667 100
0 245.000000 0.066667 100
0 240.000000 0.071429 93
0 225.000000 0.076923 87
0 220.000000 0.153846 87
0 188.000000 0.153846 87
0 218.000000 0.153846 87
0 192.000000 0.142857 93
0 263.000000 0.000000 107
0 262.000000 0.000000 107
0 231.000000 0.000000 100
0 234.000000 0.000000 100
0 221.000000 0.000000 93
0 201.000000 0.000000 100
0 195.000000 0.000000 93
0 201.000000 0.000000 93
0 240.000000 0.000000 93
0 241.000000 0.000000 100
0 239.000000 0.000000 100
0 258.000000 0.000000 107
0 268.000000 0.000000 113
0 272.000000 0.000000 113
0 256.000000 0.000000 107
0 260.000000 0.000000 107
0 258.000000 0.000000 107
0 257.000000 0.000000 107
0 240.000000 0.000000 100
0 219.000000 0.000000 100
0 177.000000 0.000000 93
0 192.000000 0.000000 80
0 187.000000 0.000000 87
0 179.000000 0.000000 87
0 166.000000 0.000000 93
0 150.000000 0.000000 87
0 148.000000 0.000000 80
0 186.000000 0.000000 93
0 209.000000 0.000000 87
0 199.000000 0.000000 93
0 173.000000 0.000000 93
0 191.000000 0.000000 93
0 202.000000 0.000000 93
0 216.000000 0.000000 93
0 211.000000 0.000000 93
0 204.000000 0.000000 100
0 175.000000 0.000000 87
0 192.000000 0.000000 87
0 204.000000 0.000000 87
0 204.000000 0.000000 93
0 184.000000 0.000000 87
0 186.000000 0.000000 93
0 172.000000 0.000000 87
0 187.000000 0.000000 93
0 188.000000 0.000000 87
0 189.000000 0.000000 87
0 167.000000 0.000000 93
0 179.000000 0.000000 93
0 173.000000 0.000000 87
0 203.000000 0.000000 93
0 212.000000 0.000000 87
0 191.000000 0.000000 87
0 173.000000 0.000000 87
0 181.000000 0.000000 87
0 194.000000 0.000000 93
0 151.000000 0.000000 87
0 171.000000 0.000000 87
0 163.000000 0.000000 93
0 160.000000 0.000000 87
0 155.000000 0.000000 87
0 167.000000 0.000000 93
0 180.000000 0.000000 93
0 175.000000 0.000000 93
0 191.000000 0.000000 93
0 170.000000 0.000000 93
0 150.000000 0.000000 87
0 161.000000 0.000000 80
0 173.000000 0.000000 87
0 204.000000 0.000000 93
0 168.000000 0.000000 93
0 194.000000 0.000000 87
0 178.000000 0.000000 93
0 184.000000 0.000000 87
0 205.000000 0.000000 93
0 228.000000 0.000000 100
0 221.000000 0.000000 100
0 207.000000 0.000000 100
0 182.000000 0.000000 93
0 179.000000 0.000000 93
0 196.000000 0.000000 93
0 203.000000 0.000000 93
0 214.000000 0.000000 93
0 191.000000 0.000000 93
0 194.000000 0.000000 93
0 194.000000 0.000000 93
0 199.000000 0.000000 87
0 210.000000 0.000000 93
0 201.000000 0.000000 87
0 202.000000 0.000000 93
0 191.000000 0.000000 87
0 169.000000 0.000000 87
0 171.000000 0.000000 87
0 176.000000 0.000000 87
0 192.000000 0.000000 87
0 187.000000 0.000000 87
0 180.000000 0.000000 87
0 169.000000 0.000000 87
0 164.000000 0.000000 80
0 182.000000 0.000000 87
0 176.000000 0.000000 87
0 164.000000 0.000000 87
0 190.000000 0.000000 87
0 181.000000 0.000000 87
0 193.000000 0.000000 93
0 210.000000 0.000000 93
0 222.000000 0.000000 93
0 232.000000 0.000000 100
0 208.000000 0.000000 93
0 180.000000 0.000000 100
0 186.000000 0.000000 100
0 179.000000 0.000000 93
0 186.000000 0.000000 93
0 171.000000 0.000000 93
0 167.000000 0.000000 93
0 162.000000 0.000000 93
0 182.000000 0.000000 93
0 198.000000 0.000000 100
0 231.000000 0.000000 100
0 221.000000 0.000000 93
0 230.000000 0.000000 100
0 217.000000 0.000000 100
0 224.000000 0.000000 100
0 213.000000 0.000000 93
0 194.000000 0.000000 100
0 206.000000 0.000000 93
0 199.000000 0.000000 93
0 200.000000 0.000000 93
0 210.000000 0.000000 93
0 202.000000 0.000000 93
0 210.000000 0.000000 100
0 201.000000 0.000000 93
0 197.000000 0.000000 93
0 180.000000 0.000000 87
0 187.000000 0.000000 93
0 172.000000 0.000000 87
0 158.000000 0.000000 87
0 190.000000 0.000000 93
0 185.000000 0.000000 93
0 180.000000 0.000000 87
0 192.000000 0.000000 93
0 212.000000 0.000000 93
0 241.000000 0.000000 93
0 234.000000 0.000000 93
0 229.000000 0.000000 100
0 240.000000 0.000000 93
0 214.000000 0.000000 93
0 236.000000 0.000000 93
0 230.000000 0.000000 93
0 251.000000 0.000000 87
0 221.000000 0.000000 100
0 209.000000 0.000000 100
0 199.000000 0.000000 93
0 180.000000 0.000000 93
0 179.000000 0.000000 100
0 170.000000 0.000000 93
0 178.000000 0.000000 93
0 178.000000 0.000000 93
0 139.000000 0.000000 93
0 153.000000 0.000000 80
0 175.000000 0.000000 80
0 184.000000 0.000000 87
0 188.000000 0.000000 87
0 200.000000 0.000000 80
0 176.000000 0.000000 80
0 168.000000 0.000000 80
0 171.000000 0.000000 80
0 184.000000 0.000000 87
0 186.000000 0.000000 87
0 198.000000 0.000000 93
0 190.000000 0.000000 93
0 196.000000 0.000000 87
0 209.000000 0.000000 93
0 220.000000 0.000000 100
0 227.000000 0.000000 93
0 219.000000 0.000000 100
0 210.000000 0.000000 93
0 207.000000 0.000000 100
0 184.000000 0.000000 93
0 169.000000 0.000000 87
0 183.000000 0.000000 93
0 190.000000 0.000000 93
0 197.000000 0.000000 87
0 319.000000 0.125000 107
0 307.000000 0.000000 107
0 327.000000 0.000000 107
0 331.000000 0.000000 107
0 301.000000 0.000000 113
0 310.000000 0.000000 107
0 267.000000 0.000000 100
0 281.000000 0.000000 100
0 284.000000 0.000000 100
0 301.000000 0.000000 100
0 301.000000 0.000000 107
0 307.000000 0.000000 100
0 324.000000 0.000000 107
0 320.000000 0.000000 107
0 324.000000 0.000000 113
0 328.000000 0.000000 113
0 328.000000 0.000000 113
0 313.000000 0.000000 113
0 318.000000 0.000000 113
0 316.000000 0.000000 113
0 317.000000 0.000000 120
0 313.000000 0.000000 120
0 326.000000 0.000000 120
0 331.000000 0.000000 113
0 338.000000 0.000000 113
0 333.000000 0.000000 113
0 339.000000 0.000000 113
0 364.000000 0.000000 113
0 360.000000 0.000000 113
0 336.000000 0.000000 113
0 316.000000 0.000000 113
0 340.000000 0.000000 113
0 340.000000 0.000000 120
0 302.000000 0.000000 120
0 332.000000 0.000000 120
0 339.000000 0.000000 127
0 340.000000 0.000000 127
0 330.000000 0.000000 127
0 324.000000 0.000000 127
0 344.000000 0.000000 120
0 329.000000 0.000000 120
0 342.000000 0.000000 120
0 342.000000 0.000000 120
0 331.000000 0.000000 120
0 329.000000 0.000000 113
0 339.000000 0.000000 113
0 355.000000 0.000000 113
0 345.000000 0.000000 120
0 341.000000 0.000000 120
0 331.000000 0.000000 120
0 343.000000 0.000000 120
0 330.000000 0.000000 120
0 326.000000 0.000000 113
0 328.000000 0.000000 113
0 316.000000 0.000000 113
0 295.000000 0.000000 107
0 300.000000 0.000000 100
0 285.000000 0.000000 107
0 290.000000 0.000000 107
0 310.000000 0.000000 107
0 316.000000 0.000000 107
0 336.000000 0.000000 113
0 309.000000 0.000000 113
0 325.000000 0.000000 113
0 318.000000 0.000000 120
0 318.000000 0.000000 120
0 332.000000 0.000000 113
0 316.000000 0.000000 113
0 318.000000 0.000000 113
0 296.000000 0.000000 113
0 285.000000 0.000000 120
0 272.000000 0.000000 120
0 302.000000 0.000000 120
0 280.000000 0.000000 120
0 251.000000 0.000000 120
0 248.000000 0.000000 133
0 270.000000 0.000000 133
0 290.000000 0.000000 133
0 302.000000 0.000000 133
0 322.000000 0.000000 127
0 329.000000 0.000000 127
0 312.000000 0.000000 127
0 326.000000 0.000000 127
0 313.000000 0.000000 120
0 324.000000 0.000000 113
0 339.000000 0.000000 113
0 325.000000 0.000000 120
0 315.000000 0.000000 120
0 288.000000 0.000000 120
0 302.000000 0.000000 120
0 312.000000 0.000000 127
0 295.000000 0.000000 120
0 293.000000 0.000000 120
0 288.000000 0.000000 120
0 276.000000 0.000000 127
0 281.000000 0.000000 120
0 285.000000 0.000000 113
0 278.000000 0.000000 120
0 283.000000 0.000000 120
0 289.000000 0.000000 107
0 277.000000 0.000000 120
0 285.000000 0.000000 120
0 297.000000 0.000000 120
0 305.000000 0.000000 113
0 289.000000 0.000000 120
0 269.000000 0.000000 127
0 258.000000 0.000000 120
0 258.000000 0.000000 127
0 277.000000 0.000000 133
0 249.000000 0.000000 127
0 249.000000 0.000000 133
0 250.000000 0.000000 140
0 235.000000 0.000000 93
0 234.000000 0.000000 87
0 221.000000 0.000000 93
0 243.000000 0.000000 87
0 212.000000 0.000000 93
0 190.000000 0.000000 87
0 221.000000 0.000000 80
0 218.000000 0.000000 93
0 191.000000 0.000000 87
0 222.000000 0.000000 87
0 225.000000 0.000000 93
0 224.000000 0.000000 93
0 259.000000 0.000000 100
0 274.000000 0.000000 93
0 274.000000 0.000000 100
0 260.000000 0.000000 107
0 293.000000 0.000000 107
0 310.000000 0.000000 113
0 300.000000 0.000000 113
0 304.000000 0.000000 107
0 287.000000 0.000000 107
0 284.000000 0.000000 107
0 280.000000 0.000000 107
0 281.000000 0.000000 107
0 260.000000 0.000000 100
0 264.000000 0.000000 93
0 238.000000 0.000000 93
0 266.000000 0.000000 93
0 268.000000 0.000000 100
0 279.000000 0.071429 93
0 257.000000 0.076923 87
0 250.000000 0.071429 93
0 248.000000 0.076923 87
0 273.000000 0.071429 93
0 278.000000 0.066667 100
0 233.000000 0.071429 93
0 222.000000 0.076923 87
0 200.000000 0.076923 87
0 196.000000 0.000000 87
0 194.000000 0.000000 93
0 199.000000 0.000000 87
0 193.000000 0.000000 93
0 172.000000 0.000000 87
0 176.000000 0.000000 87
0 203.000000 0.000000 87
0 188.000000 0.000000 87
0 179.000000 0.000000 80
0 188.000000 0.000000 87
0 190.000000 0.000000 80
0 206.000000 0.000000 87
0 191.000000 0.000000 87
0 217.000000 0.000000 87
0 204.000000 0.000000 87
0 243.000000 0.000000 93
0 245.000000 0.000000 93
0 260.000000 0.000000 100
0 264.000000 0.000000 93
0 252.000000 0.000000 100
0 240.000000 0.000000 100
0 242.000000 0.000000 93
0 236.000000 0.000000 100
0 219.000000 0.000000 93
0 217.000000 0.000000 93
0 233.000000 0.000000 100
0 228.000000 0.000000 93
0 199.000000 0.000000 93
0 200.000000 0.000000 87
0 196.000000 0.000000 80
0 175.000000 0.000000 87
0 186.000000 0.000000 80
0 181.000000 0.000000 87
0 155.000000 0.000000 80
0 148.000000 0.000000 73
0 175.000000 0.000000 80
0 196.000000 0.000000 87
0 215.000000 0.000000 87
0 224.000000 0.000000 93
0 232.000000 0.000000 87
0 247.000000 0.000000 93
0 235.000000 0.000000 87
0 204.000000 0.000000 87
0 203.000000 0.000000 87
0 192.000000 0.000000 87
0 190.000000 0.000000 80
0 178.000000 0.000000 80
0 204.000000 0.000000 80
0 216.000000 0.000000 87
0 204.000000 0.000000 80
0 235.000000 0.000000 87
0 241.000000 0.000000 93
0 248.000000 0.000000 100
0 240.000000 0.000000 93
0 246.000000 0.000000 93
0 251.000000 0.000000 100
0 257.000000 0.000000 100
0 272.000000 0.000000 100
0 261.000000 0.000000 107
0 257.000000 0.000000 100
0 234.000000 0.000000 93
0 245.000000 0.000000 93
0 236.000000 0.000000 93
0 264.000000 0.000000 100
0 225.000000 0.000000 100
0 206.000000 0.000000 93
0 209.000000 0.000000 93
0 210.000000 0.000000 87
0 213.000000 0.000000 87
0 221.000000 0.000000 93
0 217.000000 0.000000 93
0 227.000000 0.000000 93
0 219.000000 0.000000 93
0 233.000000 0.000000 93
0 244.000000 0.000000 100
0 245.000000 0.000000 93
0 238.000000 0.000000 100
0 256.000000 0.000000 107
0 244.000000 0.000000 100
0 225.000000 0.000000 100
0 221.000000 0.000000 100
0 207.000000 0.000000 93
0 208.000000 0.000000 93
0 184.000000 0.000000 87
0 158.000000 0.000000 87
0 178.000000 0.000000 87
0 163.000000 0.000000 80
0 157.000000 0.000000 87
0 188.000000 0.000000 80
0 180.000000 0.000000 87
0 167.000000 0.000000 87
0 160.000000 0.000000 80
0 193.000000 0.000000 87
0 219.000000 0.000000 93
0 216.000000 0.000000 87
0 211.000000 0.000000 93
0 198.000000 0.000000 87
0 218.000000 0.000000 93
0 205.000000 0.000000 87
0 212.000000 0.000000 93
0 210.000000 0.000000 93
0 194.000000 0.000000 93
0 172.000000 0.000000 87
0 193.000000 0.000000 87
0 196.000000 0.000000 87
0 176.000000 0.000000 87
0 169.000000 0.000000 87
0 181.000000 0.000000 87
0 215.000000 0.000000 87
0 227.000000 0.000000 93
0 232.000000 0.000000 87
0 242.000000 0.000000 93
0 244.000000 0.000000 100
0 269.000000 0.000000 93
0 292.000000 0.000000 100
0 290.000000 0.000000 100
0 274.000000 0.000000 100
0 280.000000 0.000000 100
0 282.000000 0.000000 100
0 299.000000 0.000000 107
0 297.000000 0.000000 107
0 287.000000 0.000000 100
0 265.000000 0.000000 107
0 262.000000 0.000000 107
0 250.000000 0.000000 100
0 251.000000 0.000000 107
0 234.000000 0.000000 100
0 223.000000 0.000000 93
0 212.000000 0.000000 93
0 181.000000 0.000000 87
0 176.000000 0.000000 87
0 143.000000 0.000000 80
0 154.000000 0.000000 80
0 162.000000 0.000000 87
0 174.000000 0.000000 80
0 206.000000 0.000000 87
0 219.000000 0.000000 93
0 216.000000 0.000000 87
0 245.000000 0.000000 93
0 236.000000 0.000000 93
0 240.000000 0.000000 93
0 245.000000 0.000000 93
0 254.000000 0.000000 93
0 249.000000 0.000000 93
0 250.000000 0.000000 93
0 229.000000 0.000000 87
0 230.000000 0.000000 93
0 247.000000 0.000000 93
0 248.000000 0.000000 93
0 239.000000 0.000000 100
0 202.000000 0.000000 93
0 202.000000 0.000000 87
0 215.000000 0.000000 93
0 201.000000 0.000000 87
0 198.000000 0.000000 93
0 176.000000 0.000000 87
0 155.000000 0.000000 80
0 142.000000 0.000000 80
0 173.000000 0.000000 80
0 159.000000 0.000000 80
0 154.000000 0.000000 80
0 161.000000 0.000000 80
0 191.000000 0.000000 87
0 204.000000 0.000000 80
0 209.000000 0.000000 87
0 233.000000 0.000000 87
0 233.000000 0.000000 93
0 221.000000 0.000000 87
0 254.000000 0.000000 93
0 246.000000 0.000000 93
0 216.000000 0.000000 93
0 189.000000 0.000000 87
0 182.000000 0.000000 87
0 180.000000 0.000000 87
0 170.000000 0.000000 87
0 175.000000 0.000000 87
0 169.000000 0.000000 93
0 174.000000 0.000000 87
0 187.000000 0.000000 93
0 281.000000 0.000000 127
0 279.000000 0.000000 127
0 257.000000 0.000000 127
0 284.000000 0.000000 127
0 286.000000 0.000000 127
0 308.000000 0.000000 127
0 302.000000 0.000000 127
0 293.000000 0.000000 120
0 298.000000 0.000000 120
0 306.000000 0.000000 127
0 301.000000 0.000000 127
0 287.000000 0.000000 127
0 275.000000 0.000000 127
0 279.000000 0.000000 127
0 261.000000 0.000000 133
0 277.000000 0.000000 133
0 264.000000 0.000000 133
0 265.000000 0.000000 133
0 247.000000 0.000000 127
0 243.000000 0.000000 133
0 249.000000 0.000000 133
0 254.000000 0.000000 133
0 275.000000 0.000000 133
0 250.000000 0.000000 127
0 234.000000 0.000000 133
0 248.000000 0.000000 133
0 288.000000 0.000000 133
0 295.000000 0.000000 140
0 301.000000 0.000000 133
0 296.000000 0.000000 133
0 300.000000 0.000000 133
0 291.000000 0.000000 140
0 298.000000 0.000000 140
0 300.000000 0.000000 133
0 307.000000 0.000000 133
0 303.000000 0.000000 140
0 287.000000 0.000000 133
0 273.000000 0.000000 133
0 292.000000 0.000000 140
0 203.000000 0.076923 87
0 200.000000 0.076923 87
0 192.000000 0.076923 87
0 183.000000 0.083333 80
0 160.000000 0.076923 87
0 176.000000 0.083333 80
0 179.000000 0.076923 87
0 195.000000 0.076923 87
0 175.000000 0.076923 87
0 186.000000 0.000000 87
0 183.000000 0.000000 87
0 203.000000 0.000000 87
0 219.000000 0.000000 93
0 218.000000 0.000000 87
0 215.000000 0.000000 93
0 216.000000 0.000000 93
0 219.000000 0.000000 87
0 218.000000 0.000000 93
0 223.000000 0.000000 93
0 211.000000 0.000000 93
0 207.000000 0.000000 93
0 209.000000 0.000000 93
0 203.000000 0.000000 93
0 180.000000 0.000000 87
0 229.000000 0.000000 87
0 208.000000 0.000000 87
0 202.000000 0.000000 80
0 192.000000 0.000000 87
0 187.000000 0.000000 80
0 171.000000 0.000000 87
0 201.000000 0.000000 80
0 203.000000 0.000000 87
0 194.000000 0.000000 87
0 201.000000 0.000000 87
0 223.000000 0.000000 93
0 246.000000 0.000000 100
0 262.000000 0.000000 100
0 251.000000 0.000000 107
0 242.000000 0.000000 100
0 232.000000 0.000000 100
0 218.000000 0.000000 93
0 253.000000 0.000000 100
0 227.000000 0.000000 100
0 234.000000 0.000000 100
0 231.000000 0.000000 93
0 217.000000 0.000000 93
0 226.000000 0.000000 93
0 243.000000 0.000000 100
0 249.000000 0.000000 100
0 255.000000 0.000000 100
0 222.000000 0.000000 93
0 194.000000 0.000000 93
0 182.000000 0.000000 87
0 194.000000 0.000000 87
0 184.000000 0.000000 87
0 163.000000 0.000000 80
0 155.000000 0.000000 73
0 151.000000 0.000000 80
0 171.000000 0.000000 87
0 191.000000 0.000000 87
0 194.000000 0.000000 80
0 182.000000 0.000000 87
0 166.000000 0.000000 87
0 155.000000 0.000000 80
0 160.000000 0.000000 80
0 184.000000 0.000000 87
0 179.000000 0.000000 87
0 204.000000 0.000000 87
0 176.000000 0.000000 87
0 196.000000 0.000000 87
0 204.000000 0.000000 87
0 221.000000 0.000000 87
0 224.000000 0.000000 93
0 218.000000 0.000000 93
0 231.000000 0.000000 93
0 193.000000 0.000000 87
0 184.000000 0.000000 87
0 176.000000 0.000000 87
0 181.000000 0.000000 93
0 202.000000 0.000000 87
0 201.000000 0.000000 87
0 204.000000 0.000000 87
0 196.000000 0.000000 93
0 184.000000 0.000000 87
0 202.000000 0.000000 93
0 210.000000 0.000000 87
0 192.000000 0.000000 87
0 191.000000 0.000000 80
0 198.000000 0.000000 87
0 181.000000 0.000000 93
0 174.000000 0.000000 87
0 175.000000 0.000000 80
0 199.000000 0.000000 87
0 174.000000 0.000000 80
0 196.000000 0.000000 87
0 203.000000 0.000000 87
0 208.000000 0.000000 93
0 230.000000 0.000000 87
0 240.000000 0.000000 80
0 213.000000 0.000000 87
0 213.000000 0.000000 87
0 211.000000 0.000000 80
0 214.000000 0.000000 87
0 225.000000 0.000000 80
0 231.000000 0.000000 87
0 213.000000 0.000000 80
0 192.000000 0.000000 87
0 205.000000 0.000000 93
0 236.000000 0.000000 87
0 219.000000 0.000000 93
0 242.000000 0.000000 100
0 236.000000 0.000000 93
0 217.000000 0.000000 100
0 220.000000 0.000000 87
0 215.000000 0.000000 93
0 213.000000 0.000000 93
0 209.000000 0.000000 87
0 208.000000 0.000000 93
0 181.000000 0.000000 87
0 200.000000 0.000000 87
0 207.000000 0.000000 93
0 226.000000 0.000000 87
0 234.000000 0.000000 100
0 221.000000 0.000000 93
0 206.000000 0.000000 87
0 197.000000 0.000000 87
0 203.000000 0.000000 87
0 182.000000 0.000000 87
0 156.000000 0.000000 80
0 153.000000 0.000000 80
0 151.000000 0.000000 87
0 155.000000 0.000000 80
0 159.000000 0.000000 80
0 174.000000 0.000000 87
0 187.000000 0.000000 87
0 188.000000 0.000000 80
0 199.000000 0.000000 80
0 204.000000 0.000000 87
0 178.000000 0.000000 80
0 172.000000 0.000000 80
0 192.000000 0.000000 80
0 202.000000 0.000000 87
0 207.000000 0.000000 80
0 194.000000 0.000000 80
0 204.000000 0.000000 87
0 192.000000 0.000000 87
0 231.000000 0.000000 87
0 213.000000 0.000000 87
0 207.000000 0.000000 87
0 198.000000 0.000000 87
0 212.000000 0.000000 87
0 225.000000 0.000000 87
0 248.000000 0.000000 100
0 269.000000 0.000000 100
0 249.000000 0.000000 100
0 233.000000 0.000000 100
0 230.000000 0.000000 93
0 243.000000 0.000000 93
0 264.000000 0.000000 100
0 236.000000 0.000000 93
0 217.000000 0.000000 100
0 226.000000 0.000000 93
0 192.000000 0.000000 87
0 189.000000 0.000000 93
0 201.000000 0.000000 87
0 204.000000 0.000000 93
0 176.000000 0.000000 87
0 183.000000 0.000000 87
0 196.000000 0.000000 87
0 187.000000 0.000000 87
0 203.000000 0.000000 87
0 219.000000 0.000000 93
0 246.000000 0.000000 87
0 272.000000 0.000000 100
0 271.000000 0.000000 100
0 269.000000 0.000000 107
0 266.000000 0.000000 100
0 269.000000 0.000000 100
0 262.000000 0.000000 100
0 233.000000 0.000000 93
0 214.000000 0.000000 87
0 191.000000 0.000000 93
0 168.000000 0.000000 80
0 164.000000 0.000000 80
0 177.000000 0.000000 80
0 195.000000 0.000000 87
0 191.000000 0.000000 87
0 226.000000 0.000000 87
0 225.000000 0.000000 87
0 205.000000 0.000000 93
0 206.000000 0.000000 87
0 232.000000 0.000000 93
0 205.000000 0.000000 93
0 192.000000 0.000000 87
0 188.000000 0.000000 87
0 156.000000 0.000000 87
0 148.000000 0.000000 80
0 173.000000 0.000000 87
0 184.000000 0.000000 87
0 178.000000 0.000000 87
0 186.000000 0.000000 87
0 177.000000 0.000000 87
0 187.000000 0.000000 87
0 199.000000 0.000000 87
0 210.000000 0.000000 87
0 216.000000 0.000000 93
0 218.000000 0.000000 93
0 207.000000 0.000000 87
0 180.000000 0.000000 87
0 175.000000 0.000000 87
0 161.000000 0.000000 87
0 205.000000 0.000000 87
0 208.000000 0.000000 87
0 177.000000 0.000000 93
0 161.000000 0.000000 87
0 196.000000 0.000000 80
0 206.000000 0.000000 87
0 188.000000 0.000000 87
0 223.000000 0.000000 87
0 216.000000 0.000000 87
0 187.000000 0.000000 87
2 572.000000 0.480000 167
2 489.000000 0.583333 160
2 324.000000 0.600000 167
2 612.000000 0.550000 133
2 325.000000 0.250000 160
2 406.000000 0.238095 140
2 364.000000 0.150000 133
2 351.000000 0.105263 127
2 532.000000 0.105263 127
2 407.000000 0.105263 127
2 433.000000 0.095238 140
2 403.000000 0.100000 133
2 339.000000 0.105263 127
2 397.000000 0.000000 113
2 483.000000 0.052632 127
2 600.000000 0.200000 133
2 695.000000 0.318182 147
2 716.000000 0.434783 153
2 756.000000 0.500000 160
2 773.000000 0.521739 153
2 806.000000 0.625000 160
2 828.000000 0.720000 167
2 826.000000 0.760000 167
2 807.000000 0.814815 180
2 780.000000 0.814815 180
2 748.000000 0.814815 180
2 807.000000 0.814815 180
2 803.000000 0.880000 167
2 770.000000 0.920000 167
2 773.000000 0.920000 167
2 800.000000 0.923077 173
2 825.000000 0.962963 180
2 778.000000 0.920000 167
2 738.000000 0.869565 153
2 624.000000 0.772727 147
2 623.000000 0.782609 153
2 617.000000 0.800000 167
2 639.000000 0.846154 173
2 604.000000 0.807692 173
2 548.000000 0.720000 167
2 578.000000 0.730769 173
2 641.000000 0.777778 180
2 644.000000 0.793103 193
2 626.000000 0.827586 193
2 604.000000 0.750000 187
2 572.000000 0.714286 187
2 605.000000 0.689655 193
2 568.000000 0.642857 187
2 538.000000 0.629630 180
2 538.000000 0.500000 173
2 558.000000 0.423077 173
2 662.000000 0.461538 173
2 668.000000 0.481481 180
2 611.000000 0.461538 173
2 575.000000 0.384615 173
2 561.000000 0.291667 160
2 540.000000 0.280000 167
2 566.000000 0.269231 173
2 538.000000 0.269231 173
2 476.000000 0.240000 167
2 460.000000 0.120000 167
2 400.000000 0.043478 153
2 417.000000 0.041667 160
2 505.000000 0.000000 160
2 530.000000 0.040000 167
2 481.000000 0.080000 167
2 528.000000 0.120000 167
2 534.000000 0.125000 160
2 560.000000 0.200000 167
2 625.000000 0.260870 153
2 587.000000 0.291667 160
2 539.000000 0.333333 160
2 543.000000 0.416667 160
2 545.000000 0.440000 167
2 556.000000 0.416667 160
2 552.000000 0.434783 153
2 574.000000 0.416667 160
2 582.000000 0.333333 160
2 539.000000 0.291667 160
2 546.000000 0.320000 167
2 692.000000 0.280000 167
2 648.000000 0.227273 147
2 687.000000 0.200000 133
2 667.000000 0.238095 140
2 602.000000 0.227273 147
2 595.000000 0.285714 140
2 599.000000 0.333333 140
2 565.000000 0.347826 153
2 552.000000 0.260870 153
2 574.000000 0.304348 153
2 590.000000 0.400000 167
2 655.000000 0.461538 173
0 117.000000 0.200000 33
0 118.000000 0.166667 40
0 117.000000 0.200000 33
0 102.000000 0.166667 40
0 106.000000 0.166667 40
0 94.000000 0.142857 47
0 79.000000 0.142857 47
0 79.000000 0.125000 53
0 75.000000 0.125000 53
0 87.000000 0.000000 53
0 82.000000 0.125000 53
0 89.000000 0.125000 53
0 79.000000 0.250000 53
0 80.000000 0.375000 53
0 79.000000 0.500000 53
0 79.000000 0.625000 53
0 79.000000 0.750000 53
0 79.000000 0.875000 53
0 78.000000 1.000000 53
0 82.000000 1.000000 53
0 83.000000 1.000000 53
0 79.000000 1.000000 53
0 79.000000 1.000000 53
0 82.000000 1.000000 53
0 77.000000 1.000000 53
0 79.000000 1.000000 53
0 79.000000 1.000000 53
0 79.000000 1.000000 53
0 79.000000 1.000000 53
0 79.000000 1.000000 60
0 79.000000 1.000000 60
0 80.000000 1.000000 60
0 80.000000 1.000000 60
0 80.000000 1.000000 60
0 81.000000 1.000000 60
0 83.000000 1.000000 60
0 101.000000 1.000000 60
0 92.000000 1.000000 60
0 90.000000 1.000000 60
0 92.000000 1.000000 60
0 103.000000 1.000000 67
0 94.000000 1.000000 67
0 119.000000 1.000000 67
0 119.000000 1.000000 67
0 119.000000 1.000000 67
0 100.000000 1.000000 67
0 120.000000 1.000000 67
0 117.000000 1.000000 73
0 105.000000 1.000000 73
0 99.000000 1.000000 67
0 97.000000 1.000000 67
0 111.000000 1.000000 67
0 128.000000 1.000000 67
0 125.000000 1.000000 73
0 125.000000 1.000000 67
0 108.000000 0.900000 67
0 124.000000 0.888889 60
0 113.000000 0.888889 60
0 112.000000 0.875000 53
0 101.000000 0.875000 53
0 90.000000 0.875000 53
0 85.000000 0.888889 60
0 75.000000 0.875000 53
0 76.000000 0.888889 60
0 104.000000 1.000000 60
0 91.000000 1.000000 60
0 87.000000 1.000000 60
0 108.000000 1.000000 67
0 115.000000 1.000000 67
0 119.000000 1.000000 67
0 148.000000 1.000000 60
0 138.000000 1.000000 60
0 105.000000 1.000000 60
0 132.000000 1.000000 60
0 118.000000 1.000000 60
0 118.000000 1.000000 60
0 88.000000 1.000000 60
0 94.000000 1.000000 60
0 83.000000 1.000000 60
0 84.000000 1.000000 60
0 83.000000 1.000000 60
0 102.000000 1.000000 60
0 98.000000 1.000000 60
0 92.000000 1.000000 60
0 112.000000 1.000000 60
0 101.000000 1.000000 60
0 116.000000 1.000000 60
0 132.000000 1.000000 60
0 150.000000 1.000000 60
0 152.000000 1.000000 60
0 142.000000 1.000000 60
0 135.000000 1.000000 60
0 144.000000 1.000000 60
0 182.000000 1.000000 60
0 209.000000 1.000000 60
0 173.000000 1.000000 60
0 161.000000 1.000000 60
0 180.000000 1.000000 60
0 178.000000 1.000000 60
0 130.000000 1.000000 67
0 437.000000 0.000000 120
0 427.000000 0.000000 127
0 403.000000 0.000000 127
0 405.000000 0.000000 120
0 408.000000 0.000000 120
0 390.000000 0.000000 120
0 385.000000 0.000000 120
0 377.000000 0.000000 120
0 369.000000 0.000000 120
0 364.000000 0.000000 120
0 353.000000 0.000000 120
0 374.000000 0.000000 120
0 373.000000 0.000000 120
0 395.000000 0.000000 120
0 387.000000 0.000000 120
0 391.000000 0.000000 120
0 382.000000 0.000000 120
0 400.000000 0.000000 120
0 418.000000 0.000000 120
0 425.000000 0.000000 120
0 419.000000 0.000000 120
0 422.000000 0.000000 120
0 392.000000 0.000000 120
0 398.000000 0.000000 120
0 403.000000 0.000000 120
0 397.000000 0.000000 120
0 376.000000 0.000000 120
0 345.000000 0.000000 120
0 357.000000 0.000000 120
0 377.000000 0.000000 120
0 373.000000 0.000000 120
0 377.000000 0.000000 120
0 391.000000 0.000000 120
0 392.000000 0.000000 120
0 407.000000 0.000000 120
0 410.000000 0.000000 120
0 421.000000 0.000000 120
0 422.000000 0.000000 120
0 410.000000 0.000000 120
0 397.000000 0.000000 120
0 393.000000 0.000000 120
0 395.000000 0.000000 120
0 408.000000 0.000000 120
0 263.000000 0.000000 147
0 234.000000 0.000000 153
0 234.000000 0.000000 153
0 225.000000 0.000000 153
0 255.000000 0.000000 160
0 250.000000 0.000000 160
0 270.000000 0.000000 160
0 263.000000 0.000000 160
0 250.000000 0.000000 153
0 253.000000 0.000000 160
0 264.000000 0.000000 160
0 261.000000 0.000000 167
0 258.000000 0.000000 160
0 239.000000 0.000000 160
0 250.000000 0.000000 153
0 258.000000 0.000000 160
0 265.000000 0.000000 160
0 261.000000 0.000000 167
0 273.000000 0.000000 160
0 272.000000 0.000000 160
0 259.000000 0.000000 160
0 257.000000 0.000000 153
0 262.000000 0.000000 160
0 268.000000 0.000000 160
0 255.000000 0.000000 153
0 247.000000 0.000000 160
0 250.000000 0.000000 160
0 239.000000 0.000000 160
0 245.000000 0.000000 160
0 245.000000 0.000000 160
0 250.000000 0.000000 167
0 268.000000 0.000000 160
0 264.000000 0.000000 160
0 249.000000 0.090909 147
0 250.000000 0.000000 153
0 256.000000 0.000000 160
0 232.000000 0.000000 153
0 244.000000 0.000000 160
0 212.000000 0.000000 160
0 199.000000 0.000000 160
0 263.000000 0.000000 153
0 228.000000 0.000000 13
0 213.000000 0.000000 20
0 221.000000 0.000000 33
0 215.000000 0.000000 40
0 223.000000 0.000000 53
0 219.000000 0.000000 60
0 224.000000 0.000000 73
0 218.000000 0.000000 80
0 230.000000 0.000000 93
0 225.000000 0.000000 87
0 244.000000 0.000000 87
0 258.000000 0.071429 93
0 253.000000 0.071429 93
0 253.000000 0.071429 93
0 249.000000 0.071429 93
0 249.000000 0.071429 93
0 240.000000 0.071429 93
0 245.000000 0.071429 93
0 228.000000 0.071429 93
0 196.000000 0.071429 93
0 195.000000 0.000000 80
0 181.000000 0.000000 87
0 192.000000 0.000000 80
0 183.000000 0.000000 80
0 203.000000 0.000000 73
0 169.000000 0.000000 80
0 222.000000 0.000000 80
0 221.000000 0.083333 80
0 235.000000 0.076923 87
0 233.000000 0.071429 93
0 231.000000 0.076923 87
0 237.000000 0.076923 87
0 250.000000 0.071429 93
0 240.000000 0.071429 93
0 257.000000 0.071429 93
0 233.000000 0.076923 87
0 219.000000 0.000000 93
0 202.000000 0.000000 87
0 208.000000 0.000000 87
0 209.000000 0.071429 93
0 205.000000 0.071429 93
0 198.000000 0.076923 87
0 195.000000 0.071429 93
0 190.000000 0.076923 87
0 202.000000 0.071429 93
0 224.000000 0.142857 93
0 239.000000 0.133333 100
0 210.000000 0.142857 93
0 223.000000 0.071429 93
0 234.000000 0.071429 93
0 236.000000 0.071429 93
0 242.000000 0.071429 93
0 259.000000 0.066667 100
0 227.000000 0.066667 100
0 239.000000 0.000000 93
0 218.000000 0.000000 87
0 225.000000 0.000000 87
0 212.000000 0.000000 87
0 212.000000 0.000000 87
0 235.000000 0.000000 93
0 213.000000 0.000000 87
0 176.000000 0.000000 87
0 168.000000 0.000000 80
0 185.000000 0.076923 87
0 191.000000 0.076923 87
0 218.000000 0.071429 93
0 218.000000 0.076923 87
0 215.000000 0.071429 93
0 224.000000 0.076923 87
0 219.000000 0.071429 93
0 213.000000 0.076923 87
0 221.000000 0.076923 87
0 207.000000 0.000000 87
0 192.000000 0.000000 87
0 171.000000 0.000000 80
0 189.000000 0.000000 87
0 173.000000 0.000000 80
0 168.000000 0.000000 87
0 197.000000 0.000000 80
0 202.000000 0.000000 87
0 191.000000 0.000000 87
0 222.000000 0.000000 87
0 218.000000 0.000000 87
0 217.000000 0.000000 93
0 237.000000 0.000000 87
0 220.000000 0.000000 93
0 224.000000 0.000000 87
0 203.000000 0.000000 87
0 228.000000 0.000000 87
0 225.000000 0.000000 87
0 211.000000 0.076923 87
0 223.000000 0.076923 87
0 220.000000 0.083333 80
0 222.000000 0.076923 87
0 225.000000 0.083333 80
0 247.000000 0.076923 87
0 237.000000 0.076923 87
0 211.000000 0.076923 87
0 155.000000 0.076923 87
0 171.000000 0.000000 87
0 198.000000 0.000000 87
0 221.000000 0.000000 93
0 196.000000 0.000000 87
0 199.000000 0.000000 87
0 220.000000 0.000000 87
0 216.000000 0.000000 93
0 223.000000 0.000000 87
0 201.000000 0.000000 87
0 210.000000 0.000000 87
0 204.000000 0.000000 87
0 233.000000 0.000000 87
0 231.000000 0.000000 93
0 231.000000 0.000000 93
0 245.000000 0.000000 93
0 233.000000 0.000000 87
0 168.000000 0.000000 93
0 203.000000 0.071429 93
0 219.000000 0.142857 93
0 234.000000 0.214286 93
0 226.000000 0.285714 93
0 219.000000 0.307692 87
0 216.000000 0.357143 93
0 232.000000 0.428571 93
0 227.000000 0.428571 93
0 215.000000 0.500000 93
0 215.000000 0.428571 93
0 214.000000 0.428571 93
0 215.000000 0.428571 93
0 217.000000 0.357143 93
0 225.000000 0.357143 93
0 221.000000 0.357143 93
0 227.000000 0.307692 87
0 188.000000 0.307692 87
0 203.000000 0.230769 87
0 193.000000 0.230769 87
0 202.000000 0.153846 87
0 197.000000 0.076923 87
0 189.000000 0.083333 80
0 156.000000 0.076923 87
0 169.000000 0.000000 80
0 168.000000 0.000000 80
0 174.000000 0.000000 87
0 162.000000 0.000000 80
0 139.000000 0.000000 80
0 173.000000 0.000000 80
0 177.000000 0.000000 80
0 175.000000 0.000000 87
0 186.000000 0.000000 80
0 174.000000 0.000000 80
0 175.000000 0.000000 87
0 177.000000 0.000000 80
0 177.000000 0.000000 87
0 163.000000 0.000000 87
0 145.000000 0.000000 87
0 169.000000 0.000000 87
0 166.000000 0.000000 80
0 170.000000 0.000000 87
0 173.000000 0.000000 87
0 182.000000 0.000000 87
0 192.000000 0.000000 87
0 213.000000 0.000000 87
0 216.000000 0.000000 87
0 218.000000 0.000000 87
0 230.000000 0.000000 87
0 228.000000 0.000000 93
0 224.000000 0.000000 87
0 229.000000 0.000000 93
0 225.000000 0.000000 87
0 223.000000 0.000000 93
0 214.000000 0.000000 87
0 219.000000 0.000000 87
0 205.000000 0.000000 87
0 176.000000 0.000000 87
0 200.000000 0.000000 87
0 203.000000 0.000000 87
0 187.000000 0.000000 80
0 182.000000 0.000000 87
0 185.000000 0.000000 80
0 209.000000 0.000000 87
0 179.000000 0.076923 87
0 182.000000 0.000000 80
0 178.000000 0.000000 80
0 191.000000 0.000000 80
0 177.000000 0.000000 80
0 197.000000 0.000000 87
0 190.000000 0.000000 80
0 207.000000 0.000000 87
0 199.000000 0.000000 87
0 197.000000 0.000000 80
0 200.000000 0.000000 87
0 196.000000 0.000000 87
0 200.000000 0.000000 87
0 197.000000 0.000000 87
0 165.000000 0.000000 80
0 175.000000 0.000000 87
0 162.000000 0.000000 80
0 170.000000 0.000000 87
0 186.000000 0.000000 87
0 184.000000 0.000000 87
0 181.000000 0.000000 87
0 191.000000 0.076923 87
0 195.000000 0.076923 87
0 215.000000 0.071429 93
0 224.000000 0.142857 93
0 223.000000 0.142857 93
0 220.000000 0.142857 93
0 233.000000 0.142857 93
0 227.000000 0.142857 93
0 221.000000 0.142857 93
0 210.000000 0.076923 87
0 226.000000 0.071429 93
0 218.000000 0.071429 93
0 206.000000 0.000000 87
0 195.000000 0.000000 93
0 198.000000 0.000000 87
0 178.000000 0.000000 87
0 164.000000 0.000000 87
0 188.000000 0.000000 87
0 159.000000 0.000000 87
0 157.000000 0.000000 87
0 151.000000 0.083333 80
0 188.000000 0.153846 87
0 191.000000 0.153846 87
0 206.000000 0.153846 87
0 199.000000 0.142857 93
0 189.000000 0.153846 87
0 189.000000 0.142857 93
0 211.000000 0.142857 93
0 204.000000 0.142857 93
0 210.000000 0.071429 93
0 186.000000 0.000000 87
0 184.000000 0.000000 80
0 161.000000 0.000000 80
0 159.000000 0.000000 73
0 156.000000 0.000000 80
0 147.000000 0.000000 73
0 123.000000 0.000000 80
0 143.000000 0.000000 73
0 191.000000 0.000000 73
0 213.000000 0.000000 80
0 217.000000 0.000000 80
0 216.000000 0.000000 80
0 229.000000 0.000000 87
0 218.000000 0.000000 80
0 233.000000 0.000000 87
0 235.000000 0.000000 80
0 232.000000 0.000000 80
0 200.000000 0.000000 80
0 198.000000 0.000000 80
0 210.000000 0.000000 80
0 202.000000 0.000000 87
0 222.000000 0.000000 80
0 221.000000 0.000000 87
0 227.000000 0.000000 80
0 195.000000 0.000000 80
0 208.000000 0.000000 87
0 207.000000 0.000000 87
0 190.000000 0.000000 87
0 180.000000 0.000000 87
0 182.000000 0.000000 87
0 180.000000 0.000000 87
0 147.000000 0.076923 87
0 169.000000 0.076923 87
0 185.000000 0.142857 93
0 174.000000 0.153846 87
0 175.000000 0.153846 87
0 172.000000 0.153846 87
0 194.000000 0.153846 87
0 192.000000 0.153846 87
0 175.000000 0.153846 87
0 175.000000 0.076923 87
0 198.000000 0.076923 87
0 192.000000 0.000000 80
0 197.000000 0.000000 87
0 201.000000 0.000000 87
0 185.000000 0.000000 87
0 190.000000 0.000000 87
0 179.000000 0.000000 80
0 177.000000 0.000000 87
0 172.000000 0.000000 80
0 171.000000 0.000000 80
0 184.000000 0.000000 87
0 179.000000 0.000000 80
0 189.000000 0.000000 87
0 167.000000 0.000000 80
0 182.000000 0.000000 87
0 199.000000 0.000000 87
0 211.000000 0.000000 80
0 194.000000 0.000000 73
0 211.000000 0.000000 80
0 214.000000 0.000000 73
0 209.000000 0.000000 80
0 192.000000 0.000000 80
0 214.000000 0.000000 80
0 170.000000 0.000000 73
0 188.000000 0.000000 80
0 198.000000 0.000000 80
0 235.000000 0.071429 93
0 208.000000 0.142857 93
0 235.000000 0.142857 93
0 226.000000 0.142857 93
0 235.000000 0.153846 87
0 241.000000 0.153846 87
0 239.000000 0.142857 93
0 231.000000 0.153846 87
0 235.000000 0.142857 93
0 215.000000 0.142857 93
0 217.000000 0.076923 87
0 224.000000 0.071429 93
0 223.000000 0.083333 80
0 231.000000 0.076923 87
0 230.000000 0.071429 93
0 239.000000 0.076923 87
0 234.000000 0.076923 87
0 227.000000 0.076923 87
0 228.000000 0.000000 80
0 226.000000 0.000000 87
0 200.000000 0.000000 80
0 219.000000 0.000000 93
0 210.000000 0.000000 87
0 225.000000 0.000000 87
0 212.000000 0.000000 87
0 229.000000 0.000000 93
0 214.000000 0.000000 93
0 226.000000 0.000000 93
0 212.000000 0.000000 87
0 198.000000 0.000000 87
0 199.000000 0.000000 87
0 198.000000 0.000000 87
0 188.000000 0.000000 87
0 177.000000 0.000000 87
0 149.000000 0.000000 80
0 165.000000 0.000000 80
0 159.000000 0.000000 80
0 163.000000 0.000000 87
0 161.000000 0.000000 87
0 162.000000 0.000000 80
0 163.000000 0.000000 87
0 169.000000 0.000000 80
0 164.000000 0.000000 80
0 162.000000 0.000000 80
0 154.000000 0.000000 73
0 161.000000 0.000000 80
0 161.000000 0.000000 73
0 161.000000 0.000000 73
0 165.000000 0.000000 80
0 171.000000 0.000000 80
0 235.000000 0.000000 87
0 243.000000 0.000000 87
0 227.000000 0.000000 87
0 244.000000 0.000000 93
0 202.000000 0.000000 87
0 200.000000 0.000000 80
0 208.000000 0.000000 87
0 209.000000 0.000000 87
0 210.000000 0.000000 87
0 216.000000 0.000000 87
0 199.000000 0.000000 87
0 171.000000 0.000000 87
0 186.000000 0.000000 80
0 168.000000 0.000000 87
0 180.000000 0.000000 87
0 135.000000 0.000000 80
0 164.000000 0.000000 87
0 181.000000 0.000000 80
0 164.000000 0.000000 80
0 163.000000 0.000000 80
0 188.000000 0.000000 87
0 193.000000 0.000000 87
0 192.000000 0.000000 80
0 206.000000 0.000000 87
0 219.000000 0.000000 93
0 227.000000 0.000000 87
0 229.000000 0.000000 93
0 252.000000 0.000000 93
0 246.000000 0.071429 93
0 249.000000 0.071429 93
0 256.000000 0.066667 100
0 249.000000 0.066667 100
0 247.000000 0.066667 100
0 255.000000 0.071429 93
0 250.000000 0.066667 100
0 228.000000 0.071429 93
0 228.000000 0.071429 93
0 228.000000 0.000000 93
0 221.000000 0.000000 93
0 209.000000 0.000000 87
0 209.000000 0.076923 87
0 202.000000 0.083333 80
0 197.000000 0.076923 87
0 203.000000 0.083333 80
0 198.000000 0.076923 87
0 175.000000 0.076923 87
0 162.000000 0.083333 80
0 161.000000 0.083333 80
0 180.000000 0.083333 80
0 181.000000 0.000000 87
0 196.000000 0.000000 87
0 198.000000 0.000000 87
0 189.000000 0.000000 87
0 198.000000 0.000000 87
0 193.000000 0.000000 87
0 196.000000 0.000000 93
0 183.000000 0.000000 87
0 217.000000 0.071429 93
0 196.000000 0.076923 87
0 187.000000 0.076923 87
0 190.000000 0.076923 87
0 205.000000 0.071429 93
0 217.000000 0.076923 87
0 209.000000 0.076923 87
0 194.000000 0.076923 87
0 188.000000 0.076923 87
0 197.000000 0.000000 87
0 219.000000 0.000000 87
0 228.000000 0.071429 93
0 210.000000 0.076923 87
0 210.000000 0.083333 80
0 203.000000 0.076923 87
0 200.000000 0.076923 87
0 196.000000 0.083333 80
0 209.000000 0.153846 87
0 193.000000 0.153846 87
0 174.000000 0.153846 87
0 181.000000 0.083333 80
0 187.000000 0.083333 80
0 196.000000 0.076923 87
0 199.000000 0.083333 80
0 197.000000 0.076923 87
0 176.000000 0.076923 87
0 163.000000 0.000000 87
0 175.000000 0.000000 80
0 156.000000 0.000000 87
0 159.000000 0.000000 87
0 162.000000 0.000000 93
0 139.000000 0.000000 87
0 156.000000 0.000000 93
0 163.000000 0.000000 87
0 163.000000 0.000000 93
0 177.000000 0.000000 87
0 169.000000 0.000000 87
0 171.000000 0.000000 87
0 198.000000 0.000000 87
0 196.000000 0.000000 87
0 182.000000 0.000000 87
0 186.000000 0.000000 87
0 191.000000 0.000000 87
0 193.000000 0.000000 80
0 192.000000 0.000000 87
0 193.000000 0.000000 87
0 204.000000 0.000000 87
0 204.000000 0.000000 87
0 208.000000 0.000000 87
0 191.000000 0.000000 87
0 194.000000 0.000000 87
0 189.000000 0.000000 87
0 204.000000 0.000000 93
0 198.000000 0.000000 87
0 216.000000 0.000000 93
0 224.000000 0.000000 93
0 236.000000 0.000000 100
0 247.000000 0.066667 100
0 250.000000 0.066667 100
0 243.000000 0.071429 93
0 240.000000 0.066667 100
0 236.000000 0.071429 93
0 225.000000 0.071429 93
0 218.000000 0.071429 93
0 203.000000 0.071429 93
0 191.000000 0.076923 87
0 185.000000 0.000000 80
0 182.000000 0.000000 87
0 192.000000 0.000000 87
0 183.000000 0.000000 87
0 178.000000 0.000000 87
0 175.000000 0.000000 87
0 143.000000 0.000000 80
0 155.000000 0.000000 80
0 161.000000 0.000000 80
0 165.000000 0.000000 87
0 168.000000 0.000000 80
0 165.000000 0.000000 87
0 187.000000 0.000000 80
0 191.000000 0.000000 87
0 191.000000 0.000000 87
0 192.000000 0.000000 87
0 196.000000 0.000000 87
0 185.000000 0.000000 87
0 184.000000 0.000000 87
0 178.000000 0.000000 87
0 188.000000 0.000000 87
0 202.000000 0.000000 87
0 206.000000 0.076923 87
0 215.000000 0.076923 87
0 209.000000 0.071429 93
0 205.000000 0.076923 87
0 201.000000 0.076923 87
0 204.000000 0.076923 87
0 212.000000 0.071429 93
0 186.000000 0.076923 87
0 175.000000 0.076923 87
0 186.000000 0.000000 87
0 215.000000 0.000000 87
0 241.000000 0.000000 87
0 232.000000 0.000000 87
0 242.000000 0.000000 93
0 225.000000 0.000000 87
0 252.000000 0.000000 87
0 256.000000 0.000000 93
0 262.000000 0.071429 93
0 242.000000 0.142857 93
0 216.000000 0.142857 93
0 212.000000 0.142857 93
0 212.000000 0.142857 93
0 218.000000 0.142857 93
0 209.000000 0.142857 93
0 202.000000 0.142857 93
0 193.000000 0.153846 87
0 174.000000 0.071429 93
0 202.000000 0.000000 87
0 191.000000 0.000000 87
0 182.000000 0.000000 87
0 176.000000 0.000000 87
0 173.000000 0.000000 80
0 155.000000 0.000000 87
0 189.000000 0.083333 80
0 183.000000 0.076923 87
0 178.000000 0.083333 80
0 210.000000 0.083333 80
0 250.000000 0.214286 93
0 264.000000 0.230769 87
0 265.000000 0.214286 93
0 264.000000 0.214286 93
0 321.000000 0.285714 93
0 304.000000 0.285714 93
0 290.000000 0.307692 87
0 292.000000 0.285714 93
0 275.000000 0.285714 93
0 246.000000 0.153846 87
0 237.000000 0.153846 87
0 224.000000 0.166667 80
0 206.000000 0.153846 87
0 184.000000 0.083333 80
0 183.000000 0.000000 87
0 173.000000 0.000000 87
0 161.000000 0.000000 80
0 169.000000 0.000000 87
0 164.000000 0.000000 80
0 172.000000 0.000000 80
0 178.000000 0.000000 87
0 179.000000 0.000000 80
0 172.000000 0.000000 87
0 190.000000 0.000000 80
0 202.000000 0.000000 87
0 198.000000 0.000000 87
0 182.000000 0.000000 80
0 167.000000 0.000000 87
0 189.000000 0.000000 87
0 172.000000 0.000000 87
0 208.000000 0.071429 93
0 206.000000 0.076923 87
0 224.000000 0.071429 93
0 231.000000 0.214286 93
0 237.000000 0.214286 93
0 228.000000 0.200000 100
0 225.000000 0.214286 93
0 223.000000 0.200000 100
0 197.000000 0.214286 93
0 191.000000 0.142857 93
0 185.000000 0.142857 93
0 174.000000 0.153846 87
0 182.000000 0.000000 87
0 121.000000 0.076923 87
0 136.000000 0.000000 80
0 152.000000 0.000000 87
0 165.000000 0.000000 87
0 157.000000 0.000000 87
0 154.000000 0.000000 80
0 136.000000 0.000000 87
0 135.000000 0.000000 87
0 146.000000 0.000000 80
0 146.000000 0.000000 87
0 135.000000 0.000000 87
0 72.000000 0.000000 80
0 126.000000 0.083333 80
0 102.000000 0.076923 87
0 133.000000 0.076923 87
0 145.000000 0.153846 87
0 156.000000 0.142857 93
0 153.000000 0.142857 93
0 171.000000 0.142857 93
0 165.000000 0.142857 93
0 158.000000 0.133333 100
0 145.000000 0.071429 93
0 161.000000 0.142857 93
0 138.000000 0.142857 93
0 145.000000 0.071429 93
0 171.000000 0.076923 87
0 149.000000 0.071429 93
0 171.000000 0.076923 87
0 143.000000 0.076923 87
0 159.000000 0.076923 87
0 146.000000 0.076923 87
0 124.000000 0.000000 80
0 152.000000 0.000000 87
0 145.000000 0.000000 87
0 137.000000 0.000000 87
0 141.000000 0.000000 80
0 139.000000 0.000000 87
0 138.000000 0.000000 87
0 132.000000 0.000000 80
0 131.000000 0.000000 87
0 88.000000 0.000000 87
0 97.000000 0.083333 80
0 108.000000 0.083333 80
0 116.000000 0.166667 80
0 129.000000 0.250000 80
0 159.000000 0.250000 80
0 194.000000 0.083333 80
0 194.000000 0.076923 87
0 203.000000 0.076923 87
0 178.000000 0.071429 93
0 174.000000 0.000000 87
0 168.000000 0.000000 80
0 187.000000 0.000000 87
0 196.000000 0.000000 87
0 182.000000 0.000000 87
0 154.000000 0.000000 87
0 148.000000 0.000000 80
0 166.000000 0.000000 87
0 192.000000 0.000000 87
0 204.000000 0.000000 87
0 188.000000 0.000000 87
0 196.000000 0.000000 87
0 197.000000 0.000000 87
0 203.000000 0.000000 87
0 219.000000 0.000000 87
0 187.000000 0.000000 87
0 166.000000 0.000000 87
0 148.000000 0.000000 80
0 179.000000 0.076923 87
0 170.000000 0.076923 87
0 171.000000 0.076923 87
0 177.000000 0.076923 87
0 180.000000 0.083333 80
0 176.000000 0.076923 87
0 180.000000 0.076923 87
0 163.000000 0.076923 87
0 178.000000 0.076923 87
0 197.000000 0.000000 87
0 195.000000 0.000000 87
0 181.000000 0.000000 87
0 201.000000 0.000000 87
0 202.000000 0.000000 93
0 199.000000 0.000000 87
0 217.000000 0.000000 93
0 217.000000 0.000000 80
0 215.000000 0.000000 87
0 196.000000 0.000000 80
0 206.000000 0.000000 87
0 205.000000 0.000000 73
0 203.000000 0.000000 80
0 201.000000 0.000000 73
0 194.000000 0.000000 80
0 190.000000 0.000000 73
0 185.000000 0.000000 80
0 179.000000 0.000000 80
0 186.000000 0.000000 80
0 152.000000 0.000000 73
0 162.000000 0.000000 87
0 166.000000 0.000000 80
0 144.000000 0.000000 87
0 141.000000 0.000000 80
0 133.000000 0.000000 80
0 128.000000 0.000000 80
0 133.000000 0.000000 80
0 162.000000 0.000000 80
0 153.000000 0.000000 87
0 165.000000 0.000000 80
0 188.000000 0.000000 87
0 160.000000 0.083333 80
0 172.000000 0.153846 87
0 164.000000 0.230769 87
0 161.000000 0.230769 87
0 157.000000 0.230769 87
0 156.000000 0.230769 87
0 161.000000 0.230769 87
0 147.000000 0.307692 87
0 141.000000 0.307692 87
0 169.000000 0.230769 87
0 206.000000 0.153846 87
0 233.000000 0.071429 93
0 230.000000 0.071429 93
0 212.000000 0.076923 87
0 211.000000 0.071429 93
0 197.000000 0.076923 87
0 217.000000 0.000000 93
0 214.000000 0.000000 87
0 193.000000 0.000000 87
0 168.000000 0.000000 87
0 159.000000 0.000000 80
0 161.000000 0.000000 80
0 184.000000 0.000000 87
0 189.000000 0.000000 80
0 173.000000 0.000000 87
0 179.000000 0.000000 80
0 222.000000 0.076923 87
0 228.000000 0.076923 87
0 235.000000 0.076923 87
0 267.000000 0.142857 93
0 275.000000 0.142857 93
0 279.000000 0.142857 93
0 270.000000 0.142857 93
0 279.000000 0.142857 93
0 223.000000 0.142857 93
0 199.000000 0.076923 87
0 220.000000 0.071429 93
0 189.000000 0.076923 87
0 188.000000 0.000000 80
0 193.000000 0.000000 87
0 189.000000 0.000000 87
0 190.000000 0.076923 87
0 200.000000 0.076923 87
0 196.000000 0.076923 87
0 207.000000 0.071429 93
0 203.000000 0.076923 87
0 205.000000 0.071429 93
0 203.000000 0.071429 93
0 212.000000 0.071429 93
0 193.000000 0.076923 87
0 191.000000 0.000000 93
0 185.000000 0.000000 87
0 195.000000 0.000000 87
0 206.000000 0.000000 87
0 218.000000 0.071429 93
0 214.000000 0.076923 87
0 227.000000 0.142857 93
0 239.000000 0.230769 87
0 253.000000 0.214286 93
0 248.000000 0.214286 93
0 237.000000 0.214286 93
0 233.000000 0.200000 100
0 207.000000 0.214286 93
0 218.000000 0.153846 87
0 212.000000 0.153846 87
0 185.000000 0.076923 87
0 179.000000 0.000000 87
0 155.000000 0.000000 87
0 167.000000 0.000000 80
0 159.000000 0.000000 87
0 153.000000 0.000000 73
0 166.000000 0.000000 80
0 174.000000 0.000000 80
0 178.000000 0.000000 87
0 164.000000 0.000000 80
0 172.000000 0.000000 87
0 172.000000 0.000000 80
0 166.000000 0.000000 87
0 171.000000 0.000000 80
0 180.000000 0.000000 87
0 185.000000 0.000000 87
0 191.000000 0.000000 87
0 166.000000 0.000000 87
0 188.000000 0.076923 87
0 174.000000 0.083333 80
0 167.000000 0.083333 80
0 180.000000 0.083333 80
0 200.000000 0.083333 80
0 207.000000 0.076923 87
0 202.000000 0.083333 80
0 218.000000 0.076923 87
0 200.000000 0.083333 80
0 217.000000 0.000000 87
0 228.000000 0.000000 93
0 231.000000 0.000000 93
0 239.000000 0.000000 93
0 239.000000 0.066667 100
0 243.000000 0.071429 93
0 241.000000 0.066667 100
0 245.000000 0.071429 93
0 253.000000 0.133333 100
0 246.000000 0.142857 93
0 246.000000 0.153846 87
0 234.000000 0.214286 93
0 243.000000 0.214286 93
0 228.000000 0.153846 87
0 223.000000 0.153846 87
0 220.000000 0.153846 87
0 186.000000 0.153846 87
0 209.000000 0.083333 80
0 194.000000 0.076923 87
0 187.000000 0.076923 87
0 184.000000 0.000000 80
0 191.000000 0.000000 80
0 194.000000 0.000000 87
0 197.000000 0.000000 87
0 210.000000 0.000000 87
0 214.000000 0.071429 93
0 229.000000 0.071429 93
0 225.000000 0.071429 93
0 218.000000 0.071429 93
0 206.000000 0.071429 93
0 200.000000 0.076923 87
0 182.000000 0.076923 87
0 193.000000 0.076923 87
0 200.000000 0.076923 87
0 214.000000 0.000000 87
0 199.000000 0.000000 87
0 204.000000 0.000000 80
0 214.000000 0.000000 87
0 243.000000 0.000000 87
0 235.000000 0.000000 93
0 237.000000 0.000000 93
0 247.000000 0.000000 93
0 233.000000 0.000000 87
0 245.000000 0.000000 87
0 246.000000 0.000000 93
0 255.000000 0.000000 93
0 233.000000 0.000000 93
0 228.000000 0.000000 93
0 213.000000 0.000000 93
0 209.000000 0.000000 87
0 208.000000 0.000000 93
0 212.000000 0.000000 93
0 202.000000 0.000000 87
0 202.000000 0.000000 80
0 202.000000 0.000000 87
0 197.000000 0.000000 80
0 206.000000 0.000000 87
0 199.000000 0.000000 87
0 193.000000 0.000000 87
0 178.000000 0.000000 80
0 207.000000 0.076923 87
0 205.000000 0.076923 87
0 209.000000 0.076923 87
0 208.000000 0.076923 87
0 223.000000 0.071429 93
0 212.000000 0.076923 87
0 204.000000 0.083333 80
0 194.000000 0.153846 87
0 171.000000 0.214286 93
0 195.000000 0.153846 87
0 192.000000 0.142857 93
0 185.000000 0.142857 93
0 172.000000 0.142857 93
0 171.000000 0.153846 87
0 182.000000 0.153846 87
0 170.000000 0.142857 93
0 143.000000 0.076923 87
0 186.000000 0.000000 87
0 185.000000 0.000000 87
0 171.000000 0.000000 87
0 165.000000 0.000000 87
0 170.000000 0.000000 80
0 196.000000 0.000000 87
0 191.000000 0.000000 93
0 192.000000 0.000000 87
0 187.000000 0.000000 87
0 199.000000 0.000000 87
0 193.000000 0.000000 87
0 190.000000 0.000000 87
0 189.000000 0.000000 87
0 180.000000 0.000000 87
0 158.000000 0.000000 80
0 174.000000 0.000000 80
0 158.000000 0.000000 80
0 146.000000 0.083333 80
0 179.000000 0.166667 80
0 161.000000 0.166667 80
0 165.000000 0.166667 80
0 191.000000 0.166667 80
0 190.000000 0.153846 87
0 209.000000 0.153846 87
0 206.000000 0.153846 87
0 202.000000 0.153846 87
0 185.000000 0.076923 87
0 175.000000 0.000000 80
0 197.000000 0.076923 87
0 193.000000 0.083333 80
0 192.000000 0.076923 87
0 205.000000 0.153846 87
0 219.000000 0.153846 87
0 227.000000 0.153846 87
0 244.000000 0.153846 87
0 260.000000 0.142857 93
0 233.000000 0.142857 93
0 240.000000 0.071429 93
0 236.000000 0.071429 93
0 215.000000 0.071429 93
0 205.000000 0.000000 87
0 213.000000 0.000000 93
0 205.000000 0.000000 87
0 195.000000 0.000000 87
0 199.000000 0.000000 87
0 198.000000 0.000000 93
0 201.000000 0.000000 87
0 212.000000 0.000000 93
0 222.000000 0.000000 93
0 205.000000 0.000000 93
0 205.000000 0.000000 93
0 202.000000 0.000000 93
0 197.000000 0.000000 93
0 210.000000 0.000000 93
0 201.000000 0.000000 87
0 207.000000 0.000000 93
0 187.000000 0.071429 93
0 186.000000 0.076923 87
0 182.000000 0.076923 87
0 197.000000 0.076923 87
0 200.000000 0.076923 87
0 196.000000 0.071429 93
0 188.000000 0.076923 87
0 178.000000 0.076923 87
0 170.000000 0.076923 87
0 194.000000 0.000000 80
0 196.000000 0.000000 87
0 201.000000 0.000000 87
0 206.000000 0.000000 87
0 201.000000 0.000000 87
0 222.000000 0.000000 87
0 231.000000 0.071429 93
0 215.000000 0.071429 93
0 220.000000 0.071429 93
0 228.000000 0.071429 93
0 230.000000 0.076923 87
0 220.000000 0.071429 93
0 216.000000 0.076923 87
0 215.000000 0.076923 87
0 165.000000 0.076923 87
0 198.000000 0.076923 87
0 210.000000 0.076923 87
0 219.000000 0.076923 87
0 234.000000 0.071429 93
0 236.000000 0.071429 93
0 242.000000 0.071429 93
0 235.000000 0.071429 93
0 230.000000 0.071429 93
0 201.000000 0.071429 93
0 211.000000 0.000000 87
0 222.000000 0.000000 93
0 189.000000 0.000000 87
0 182.000000 0.000000 87
0 174.000000 0.000000 87
0 171.000000 0.000000 87
0 183.000000 0.000000 87
0 170.000000 0.000000 87
0 181.000000 0.000000 87
0 192.000000 0.000000 87
0 201.000000 0.000000 87
0 200.000000 0.000000 87
0 204.000000 0.000000 87
0 202.000000 0.000000 87
0 213.000000 0.000000 87
0 203.000000 0.000000 87
0 198.000000 0.000000 93
0 232.000000 0.076923 87
0 213.000000 0.076923 87
0 207.000000 0.076923 87
0 202.000000 0.076923 87
0 201.000000 0.076923 87
0 206.000000 0.076923 87
0 208.000000 0.076923 87
0 201.000000 0.076923 87
0 190.000000 0.076923 87
0 195.000000 0.000000 87
0 212.000000 0.000000 93
0 207.000000 0.000000 87
0 218.000000 0.000000 93
0 224.000000 0.000000 87
0 233.000000 0.000000 93
0 213.000000 0.000000 87
0 232.000000 0.000000 93
0 220.000000 0.000000 87
0 219.000000 0.000000 93
0 222.000000 0.000000 87
0 209.000000 0.000000 93
0 210.000000 0.000000 87
0 203.000000 0.000000 87
0 205.000000 0.000000 87
0 202.000000 0.000000 87
0 204.000000 0.000000 87
0 196.000000 0.000000 87
0 185.000000 0.000000 80
0 183.000000 0.000000 87
0 181.000000 0.000000 80
0 178.000000 0.000000 87
0 198.000000 0.000000 87
0 185.000000 0.000000 87
0 185.000000 0.000000 87
0 180.000000 0.000000 80
0 190.000000 0.000000 87
0 182.000000 0.000000 87
0 180.000000 0.000000 87
0 182.000000 0.000000 87
0 168.000000 0.000000 80
0 202.000000 0.000000 87
0 198.000000 0.000000 80
0 219.000000 0.000000 87
0 208.000000 0.000000 87
0 211.000000 0.000000 87
0 216.000000 0.000000 87
0 195.000000 0.000000 80
0 205.000000 0.000000 87
0 242.000000 0.000000 93
0 210.000000 0.000000 87
0 216.000000 0.000000 87
0 205.000000 0.000000 80
0 206.000000 0.000000 87
0 195.000000 0.000000 80
0 188.000000 0.000000 87
0 182.000000 0.000000 87
0 188.000000 0.076923 87
0 183.000000 0.083333 80
0 181.000000 0.076923 87
0 201.000000 0.076923 87
0 178.000000 0.076923 87
0 189.000000 0.076923 87
0 195.000000 0.076923 87
0 184.000000 0.083333 80
0 184.000000 0.076923 87
0 184.000000 0.000000 80
0 159.000000 0.000000 87
0 163.000000 0.000000 80
0 176.000000 0.000000 87
0 202.000000 0.076923 87
0 213.000000 0.076923 87
0 212.000000 0.076923 87
0 232.000000 0.142857 93
0 224.000000 0.142857 93
0 242.000000 0.142857 93
0 234.000000 0.153846 87
0 234.000000 0.214286 93
0 209.000000 0.230769 87
0 196.000000 0.153846 87
0 202.000000 0.153846 87
0 184.000000 0.153846 87
0 165.000000 0.076923 87
0 159.000000 0.083333 80
0 159.000000 0.083333 80
0 155.000000 0.076923 87
0 148.000000 0.000000 80
0 166.000000 0.000000 80
0 171.000000 0.000000 87
0 159.000000 0.000000 80
0 134.000000 0.000000 80
0 156.000000 0.000000 80
0 150.000000 0.000000 80
0 154.000000 0.000000 87
0 168.000000 0.000000 80
0 188.000000 0.000000 87
0 188.000000 0.000000 87
0 185.000000 0.000000 87
0 200.000000 0.000000 87
0 212.000000 0.000000 93
0 211.000000 0.000000 87
0 203.000000 0.000000 93
0 200.000000 0.000000 87
0 220.000000 0.000000 87
0 226.000000 0.000000 87
0 231.000000 0.000000 87
0 220.000000 0.076923 87
0 201.000000 0.076923 87
0 217.000000 0.076923 87
0 206.000000 0.076923 87
0 220.000000 0.076923 87
0 211.000000 0.076923 87
0 225.000000 0.071429 93
0 212.000000 0.076923 87
0 210.000000 0.071429 93
0 211.000000 0.071429 93
0 204.000000 0.076923 87
0 210.000000 0.076923 87
0 221.000000 0.076923 87
0 220.000000 0.076923 87
0 209.000000 0.076923 87
0 215.000000 0.153846 87
0 206.000000 0.142857 93
0 198.000000 0.153846 87
0 200.000000 0.083333 80
0 216.000000 0.071429 93
0 209.000000 0.076923 87
0 211.000000 0.076923 87
0 196.000000 0.076923 87
0 158.000000 0.076923 87
0 181.000000 0.000000 87
0 190.000000 0.000000 80
0 218.000000 0.076923 87
0 246.000000 0.071429 93
0 247.000000 0.076923 87
0 244.000000 0.071429 93
0 239.000000 0.071429 93
0 234.000000 0.076923 87
0 221.000000 0.071429 93
0 189.000000 0.076923 87
0 208.000000 0.076923 87
0 171.000000 0.000000 87
0 150.000000 0.000000 73
0 143.000000 0.000000 80
0 151.000000 0.000000 73
0 153.000000 0.000000 80
0 168.000000 0.000000 80
0 179.000000 0.000000 80
0 187.000000 0.000000 80
0 182.000000 0.000000 80
0 204.000000 0.000000 80
0 202.000000 0.000000 87
0 221.000000 0.000000 87
0 195.000000 0.071429 93
0 187.000000 0.076923 87
0 189.000000 0.076923 87
0 208.000000 0.076923 87
0 211.000000 0.071429 93
0 212.000000 0.071429 93
0 212.000000 0.076923 87
0 196.000000 0.071429 93
0 165.000000 0.076923 87
0 219.000000 0.000000 87
0 209.000000 0.071429 93
0 214.000000 0.071429 93
0 197.000000 0.071429 93
0 208.000000 0.076923 87
0 203.000000 0.142857 93
0 235.000000 0.142857 93
0 228.000000 0.153846 87
0 223.000000 0.142857 93
0 194.000000 0.153846 87
0 190.000000 0.076923 87
0 191.000000 0.076923 87
0 192.000000 0.076923 87
0 179.000000 0.076923 87
0 220.000000 0.000000 87
0 210.000000 0.000000 87
0 203.000000 0.071429 93
0 178.000000 0.142857 93
0 196.000000 0.142857 93
0 195.000000 0.153846 87
0 185.000000 0.142857 93
0 187.000000 0.153846 87
0 185.000000 0.153846 87
0 188.000000 0.153846 87
0 183.000000 0.142857 93
0 188.000000 0.076923 87
0 214.000000 0.000000 80
0 206.000000 0.000000 87
0 221.000000 0.000000 93
0 230.000000 0.000000 87
0 201.000000 0.000000 87
0 197.000000 0.000000 93
0 167.000000 0.000000 87
0 184.000000 0.000000 80
0 172.000000 0.000000 87
0 143.000000 0.000000 87
0 146.000000 0.000000 87
0 143.000000 0.000000 80
0 148.000000 0.000000 80
0 225.000000 0.214286 93
0 211.000000 0.214286 93
0 193.000000 0.153846 87
0 235.000000 0.153846 87
0 217.000000 0.142857 93
0 229.000000 0.076923 87
0 250.000000 0.142857 93
0 240.000000 0.142857 93
0 254.000000 0.142857 93
0 237.000000 0.142857 93
0 229.000000 0.153846 87
0 196.000000 0.142857 93
0 186.000000 0.076923 87
0 184.000000 0.076923 87
0 179.000000 0.076923 87
0 170.000000 0.000000 87
0 181.000000 0.000000 87
0 199.000000 0.000000 87
0 212.000000 0.000000 87
0 200.000000 0.000000 93
0 224.000000 0.071429 93
0 192.000000 0.071429 93
0 196.000000 0.153846 87
0 191.000000 0.142857 93
0 182.000000 0.153846 87
0 169.000000 0.153846 87
0 186.000000 0.153846 87
0 193.000000 0.153846 87
0 209.000000 0.153846 87
0 186.000000 0.083333 80
0 215.000000 0.083333 80
0 215.000000 0.000000 87
0 226.000000 0.000000 80
0 243.000000 0.000000 87
0 245.000000 0.000000 93
0 233.000000 0.000000 87
0 209.000000 0.000000 93
0 207.000000 0.000000 87
0 196.000000 0.000000 87
0 215.000000 0.071429 93
0 222.000000 0.076923 87
0 237.000000 0.071429 93
0 201.000000 0.076923 87
0 201.000000 0.083333 80
0 203.000000 0.076923 87
0 213.000000 0.083333 80
0 215.000000 0.076923 87
0 182.000000 0.076923 87
0 176.000000 0.000000 87
0 172.000000 0.000000 87
0 157.000000 0.000000 80
0 191.000000 0.000000 87
0 185.000000 0.000000 87
0 160.000000 0.000000 87
0 158.000000 0.000000 87
0 169.000000 0.000000 87
0 169.000000 0.000000 87
0 176.000000 0.000000 87
0 203.000000 0.000000 87
0 197.000000 0.000000 93
0 178.000000 0.000000 87
0 182.000000 0.000000 87
0 198.000000 0.000000 87
0 212.000000 0.071429 93
0 206.000000 0.076923 87
0 202.000000 0.071429 93
0 203.000000 0.076923 87
0 183.000000 0.076923 87
0 213.000000 0.076923 87
0 210.000000 0.076923 87
0 207.000000 0.076923 87
0 190.000000 0.076923 87
0 171.000000 0.000000 80
0 184.000000 0.000000 87
0 187.000000 0.000000 80
0 183.000000 0.000000 87
0 165.000000 0.076923 87
0 165.000000 0.083333 80
0 173.000000 0.076923 87
0 173.000000 0.076923 87
0 161.000000 0.083333 80
0 152.000000 0.076923 87
0 164.000000 0.083333 80
0 179.000000 0.083333 80
0 169.000000 0.166667 80
0 176.000000 0.083333 80
0 192.000000 0.076923 87
0 173.000000 0.166667 80
0 191.000000 0.230769 87
0 202.000000 0.230769 87
0 194.000000 0.384615 87
0 189.000000 0.416667 80
0 191.000000 0.461538 87
0 178.000000 0.416667 80
0 194.000000 0.384615 87
0 172.000000 0.416667 80
0 168.000000 0.307692 87
0 166.000000 0.250000 80
0 168.000000 0.230769 87
0 155.000000 0.083333 80
0 196.000000 0.153846 87
0 208.000000 0.153846 87
0 201.000000 0.153846 87
0 208.000000 0.153846 87
0 193.000000 0.153846 87
0 185.000000 0.230769 87
0 206.000000 0.230769 87
0 200.000000 0.230769 87
0 182.000000 0.230769 87
0 189.000000 0.142857 93
0 169.000000 0.076923 87
0 166.000000 0.071429 93
0 186.000000 0.076923 87
0 186.000000 0.142857 93
0 211.000000 0.076923 87
0 204.000000 0.076923 87
0 215.000000 0.153846 87
0 201.000000 0.153846 87
0 226.000000 0.230769 87
0 217.000000 0.230769 87
0 231.000000 0.230769 87
0 210.000000 0.285714 93
0 216.000000 0.307692 87
0 200.000000 0.285714 93
0 206.000000 0.285714 93
0 210.000000 0.214286 93
0 200.000000 0.214286 93
0 213.000000 0.142857 93
0 203.000000 0.142857 93
0 192.000000 0.214286 93
0 222.000000 0.153846 87
0 216.000000 0.142857 93
0 213.000000 0.153846 87
0 218.000000 0.142857 93
0 241.000000 0.230769 87
0 260.000000 0.083333 80
0 280.000000 0.083333 80
0 284.000000 0.076923 87
0 313.000000 0.076923 87
0 431.000000 0.000000 80
0 382.000000 0.000000 80
0 338.000000 0.000000 80
0 361.000000 0.083333 80
0 295.000000 0.083333 80
0 300.000000 0.090909 73
0 332.000000 0.166667 80
0 321.000000 0.166667 80
0 370.000000 0.083333 80
0 377.000000 0.090909 73
0 324.000000 0.090909 73
0 343.000000 0.083333 80
0 345.000000 0.083333 80
0 344.000000 0.076923 87
0 338.000000 0.083333 80
0 334.000000 0.083333 80
0 463.000000 0.083333 80
0 476.000000 0.083333 80
0 440.000000 0.076923 87
0 334.000000 0.076923 87
0 375.000000 0.153846 87
0 427.000000 0.230769 87
0 440.000000 0.333333 80
0 422.000000 0.307692 87
0 400.000000 0.307692 87
0 333.000000 0.090909 73
0 331.000000 0.166667 80
0 331.000000 0.166667 80
0 319.000000 0.153846 87
0 308.000000 0.153846 87
0 301.000000 0.166667 80
0 257.000000 0.166667 80
0 268.000000 0.000000 80
0 259.000000 0.000000 80
0 271.000000 0.000000 87
0 269.000000 0.000000 80
0 263.000000 0.000000 80
0 272.000000 0.000000 80
0 255.000000 0.000000 80
0 256.000000 0.000000 87
0 223.000000 0.000000 87
0 277.000000 0.076923 87
0 295.000000 0.153846 87
0 303.000000 0.166667 80
0 301.000000 0.250000 80
0 296.000000 0.230769 87
0 300.000000 0.250000 80
0 298.000000 0.230769 87
0 306.000000 0.250000 80
0 297.000000 0.333333 80
0 282.000000 0.250000 80
0 273.000000 0.166667 80
0 263.000000 0.166667 80
0 262.000000 0.076923 87
0 266.000000 0.083333 80
0 288.000000 0.153846 87
0 298.000000 0.250000 80
0 266.000000 0.250000 80
0 239.000000 0.153846 87
0 262.000000 0.166667 80
0 284.000000 0.250000 80
0 282.000000 0.230769 87
0 281.000000 0.250000 80
0 307.000000 0.333333 80
0 280.000000 0.250000 80
0 323.000000 0.307692 87
0 330.000000 0.307692 87
0 338.000000 0.153846 87
0 306.000000 0.166667 80
0 335.000000 0.153846 87
0 294.000000 0.166667 80
0 325.000000 0.250000 80
0 344.000000 0.250000 80
0 373.000000 0.250000 80
0 376.000000 0.250000 80
0 324.000000 0.166667 80
0 350.000000 0.250000 80
0 398.000000 0.333333 80
0 393.000000 0.416667 80
0 386.000000 0.416667 80
0 387.000000 0.416667 80
0 388.000000 0.416667 80
0 293.000000 0.153846 87
0 257.000000 0.142857 93
0 306.000000 0.076923 87
0 372.000000 0.000000 93
0 338.000000 0.000000 87
0 263.000000 0.071429 93
0 302.000000 0.076923 87
0 301.000000 0.076923 87
0 295.000000 0.076923 87
0 287.000000 0.076923 87
0 291.000000 0.076923 87
0 311.000000 0.076923 87
0 240.000000 0.000000 7
0 228.000000 0.000000 13
0 202.000000 0.000000 20
0 188.000000 0.000000 27
0 157.000000 0.000000 33
0 145.000000 0.000000 40
0 149.000000 0.000000 53
0 185.000000 0.000000 60
0 176.000000 0.090909 73
0 188.000000 0.090909 73
0 192.000000 0.166667 80
0 205.000000 0.166667 80
0 211.000000 0.166667 80
0 244.000000 0.230769 87
0 236.000000 0.250000 80
0 214.000000 0.250000 80
0 189.000000 0.250000 80
0 202.000000 0.181818 73
0 164.000000 0.181818 73
0 164.000000 0.090909 73
0 177.000000 0.090909 73
0 153.000000 0.090909 73
0 185.000000 0.090909 73
0 159.000000 0.083333 80
0 174.000000 0.090909 73
0 186.000000 0.166667 80
0 192.000000 0.166667 80
0 176.000000 0.166667 80
0 200.000000 0.166667 80
0 210.000000 0.250000 80
0 196.000000 0.230769 87
0 180.000000 0.166667 80
0 182.000000 0.166667 80
0 189.000000 0.153846 87
0 190.000000 0.166667 80
0 197.000000 0.153846 87
0 199.000000 0.153846 87
0 148.000000 0.166667 80
0 143.000000 0.083333 80
0 135.000000 0.090909 73
0 145.000000 0.090909 73
0 135.000000 0.083333 80
0 109.000000 0.090909 73
0 112.000000 0.000000 80
0 114.000000 0.000000 73
0 135.000000 0.000000 73
0 151.000000 0.090909 73
0 166.000000 0.083333 80
0 178.000000 0.083333 80
0 185.000000 0.153846 87
0 181.000000 0.166667 80
0 183.000000 0.166667 80
0 182.000000 0.181818 73
0 159.000000 0.166667 80
0 174.000000 0.230769 87
0 177.000000 0.153846 87
0 168.000000 0.166667 80
0 163.000000 0.166667 80
0 159.000000 0.090909 73
0 160.000000 0.090909 73
0 160.000000 0.083333 80
0 153.000000 0.083333 80
0 159.000000 0.090909 73
0 158.000000 0.100000 67
0 173.000000 0.090909 73
0 208.000000 0.166667 80
0 206.000000 0.166667 80
0 222.000000 0.166667 80
0 222.000000 0.230769 87
0 222.000000 0.250000 80
0 221.000000 0.230769 87
0 208.000000 0.285714 93
0 179.000000 0.230769 87
0 182.000000 0.250000 80
0 167.000000 0.166667 80
0 197.000000 0.166667 80
0 196.000000 0.250000 80
0 220.000000 0.166667 80
0 203.000000 0.166667 80
0 188.000000 0.181818 73
0 175.000000 0.090909 73
0 172.000000 0.083333 80
0 206.000000 0.083333 80
0 205.000000 0.181818 73
0 193.000000 0.181818 73
0 186.000000 0.166667 80
0 176.000000 0.181818 73
0 172.000000 0.166667 80
0 191.000000 0.230769 87
0 202.000000 0.250000 80
0 199.000000 0.250000 80
0 177.000000 0.250000 80
0 203.000000 0.166667 80
0 200.000000 0.230769 87
0 199.000000 0.166667 80
0 214.000000 0.166667 80
0 225.000000 0.250000 80
0 205.000000 0.181818 73
0 201.000000 0.181818 73
0 191.000000 0.181818 73
0 205.000000 0.166667 80
0 157.000000 0.166667 80
0 170.000000 0.166667 80
0 168.000000 0.166667 80
0 151.000000 0.166667 80
0 174.000000 0.166667 80
0 176.000000 0.166667 80
0 194.000000 0.166667 80
0 209.000000 0.153846 87
0 228.000000 0.250000 80
0 238.000000 0.250000 80
0 248.000000 0.250000 80
0 247.000000 0.250000 80
0 239.000000 0.230769 87
0 223.000000 0.153846 87
0 243.000000 0.153846 87
0 252.000000 0.230769 87
0 236.000000 0.230769 87
0 251.000000 0.230769 87
0 232.000000 0.230769 87
0 260.000000 0.153846 87
0 263.000000 0.230769 87
0 226.000000 0.230769 87
0 245.000000 0.250000 80
0 241.000000 0.307692 87
0 243.000000 0.230769 87
0 244.000000 0.307692 87
0 245.000000 0.230769 87
0 235.000000 0.230769 87
0 226.000000 0.307692 87
0 252.000000 0.230769 87
0 256.000000 0.230769 87
0 241.000000 0.307692 87
0 241.000000 0.250000 80
0 236.000000 0.250000 80
0 208.000000 0.250000 80
0 226.000000 0.250000 80
0 214.000000 0.307692 87
0 232.000000 0.250000 80
0 232.000000 0.250000 80
0 204.000000 0.272727 73
0 201.000000 0.166667 80
0 205.000000 0.166667 80
0 181.000000 0.166667 80
0 170.000000 0.090909 73
0 170.000000 0.083333 80
0 173.000000 0.090909 73
0 165.000000 0.083333 80
0 180.000000 0.083333 80
0 187.000000 0.076923 87
0 187.000000 0.083333 80
0 191.000000 0.083333 80
0 196.000000 0.083333 80
0 224.000000 0.153846 87
0 209.000000 0.166667 80
0 210.000000 0.076923 87
0 218.000000 0.166667 80
0 210.000000 0.153846 87
0 209.000000 0.166667 80
0 247.000000 0.166667 80
0 227.000000 0.166667 80
0 230.000000 0.153846 87
0 174.000000 0.166667 80
0 216.000000 0.250000 80
0 213.000000 0.333333 80
0 198.000000 0.250000 80
0 204.000000 0.272727 73
0 215.000000 0.333333 80
0 207.000000 0.333333 80
0 227.000000 0.307692 87
0 222.000000 0.416667 80
0 241.000000 0.307692 87
0 211.000000 0.285714 93
0 251.000000 0.230769 87
0 248.000000 0.230769 87
0 247.000000 0.285714 93
0 250.000000 0.230769 87
0 228.000000 0.250000 80
0 243.000000 0.250000 80
0 243.000000 0.250000 80
0 215.000000 0.250000 80
0 221.000000 0.181818 73
0 229.000000 0.250000 80
0 212.000000 0.272727 73
0 191.000000 0.200000 67
0 198.000000 0.181818 73
0 196.000000 0.181818 73
0 171.000000 0.181818 73
0 172.000000 0.090909 73
0 166.000000 0.100000 67
0 156.000000 0.181818 73
0 151.000000 0.100000 67
0 152.000000 0.090909 73
0 159.000000 0.090909 73
0 201.000000 0.181818 73
0 218.000000 0.166667 80
0 222.000000 0.181818 73
0 233.000000 0.250000 80
0 212.000000 0.250000 80
0 193.000000 0.181818 73
0 219.000000 0.181818 73
0 234.000000 0.250000 80
0 239.000000 0.250000 80
0 215.000000 0.166667 80
0 220.000000 0.166667 80
0 236.000000 0.230769 87
0 233.000000 0.166667 80
0 238.000000 0.166667 80
0 267.000000 0.230769 87
0 237.000000 0.230769 87
0 245.000000 0.153846 87
0 259.000000 0.230769 87
0 252.000000 0.230769 87
0 227.000000 0.230769 87
0 258.000000 0.166667 80
0 235.000000 0.250000 80
0 234.000000 0.230769 87
0 199.000000 0.166667 80
0 214.000000 0.230769 87
0 197.000000 0.250000 80
0 223.000000 0.230769 87
0 218.000000 0.250000 80
0 240.000000 0.250000 80
0 235.000000 0.230769 87
0 236.000000 0.230769 87
0 233.000000 0.230769 87
0 196.000000 0.230769 87
0 224.000000 0.230769 87
0 221.000000 0.230769 87
0 207.000000 0.166667 80
0 248.000000 0.166667 80
0 266.000000 0.230769 87
0 241.000000 0.230769 87
0 254.000000 0.230769 87
0 244.000000 0.230769 87
0 261.000000 0.230769 87
0 265.000000 0.250000 80
0 272.000000 0.230769 87
0 260.000000 0.230769 87
0 218.000000 0.307692 87
0 251.000000 0.250000 80
0 256.000000 0.333333 80
0 221.000000 0.250000 80
0 224.000000 0.272727 73
0 206.000000 0.250000 80
0 206.000000 0.166667 80
0 219.000000 0.166667 80
0 199.000000 0.166667 80
0 187.000000 0.076923 87
0 188.000000 0.076923 87
0 226.000000 0.076923 87
0 234.000000 0.076923 87
0 234.000000 0.142857 93
0 240.000000 0.153846 87
0 243.000000 0.153846 87
0 260.000000 0.230769 87
0 263.000000 0.230769 87
0 262.000000 0.230769 87
0 223.000000 0.230769 87
0 221.000000 0.153846 87
0 212.000000 0.230769 87
0 226.000000 0.153846 87
0 217.000000 0.153846 87
0 219.000000 0.214286 93
0 216.000000 0.153846 87
0 242.000000 0.153846 87
0 235.000000 0.153846 87
0 271.000000 0.230769 87
0 248.000000 0.230769 87
0 243.000000 0.153846 87
0 268.000000 0.153846 87
0 264.000000 0.230769 87
0 269.000000 0.153846 87
0 266.000000 0.230769 87
0 261.000000 0.230769 87
0 243.000000 0.230769 87
0 256.000000 0.214286 93
0 260.000000 0.230769 87
0 281.000000 0.285714 93
0 258.000000 0.307692 87
0 258.000000 0.230769 87
0 240.000000 0.250000 80
0 212.000000 0.250000 80
0 223.000000 0.250000 80
0 230.000000 0.250000 80
0 198.000000 0.272727 73
0 186.000000 0.166667 80
0 164.000000 0.181818 73
0 184.000000 0.181818 73
0 218.000000 0.181818 73
0 227.000000 0.250000 80
0 218.000000 0.230769 87
0 231.000000 0.166667 80
0 238.000000 0.230769 87
0 227.000000 0.230769 87
0 241.000000 0.250000 80
0 214.000000 0.250000 80
0 227.000000 0.153846 87
0 187.000000 0.153846 87
0 172.000000 0.076923 87
0 219.000000 0.153846 87
0 202.000000 0.153846 87
0 198.000000 0.083333 80
0 193.000000 0.083333 80
0 200.000000 0.083333 80
0 220.000000 0.153846 87
0 214.000000 0.166667 80
0 212.000000 0.153846 87
0 186.000000 0.166667 80
0 179.000000 0.090909 73
0 194.000000 0.166667 80
0 194.000000 0.166667 80
0 194.000000 0.166667 80
0 198.000000 0.153846 87
0 200.000000 0.166667 80
0 193.000000 0.153846 87
0 195.000000 0.166667 80
0 195.000000 0.166667 80
0 165.000000 0.166667 80
0 157.000000 0.090909 73
0 162.000000 0.090909 73
0 155.000000 0.083333 80
0 118.000000 0.100000 67
0 136.000000 0.000000 73
0 123.000000 0.000000 67
0 131.000000 0.000000 67
0 150.000000 0.000000 67
0 166.000000 0.090909 73
0 166.000000 0.090909 73
0 175.000000 0.090909 73
0 188.000000 0.090909 73
0 225.000000 0.166667 80
0 226.000000 0.181818 73
0 233.000000 0.181818 73
0 241.000000 0.250000 80
0 232.000000 0.250000 80
0 212.000000 0.166667 80
0 208.000000 0.166667 80
0 225.000000 0.153846 87
0 183.000000 0.166667 80
0 235.000000 0.153846 87
0 248.000000 0.153846 87
0 247.000000 0.153846 87
0 240.000000 0.153846 87
0 242.000000 0.153846 87
0 238.000000 0.166667 80
0 256.000000 0.153846 87
0 261.000000 0.250000 80
0 238.000000 0.250000 80
0 225.000000 0.166667 80
0 220.000000 0.230769 87
0 203.000000 0.230769 87
0 188.000000 0.166667 80
0 196.000000 0.166667 80
0 216.000000 0.166667 80
0 201.000000 0.250000 80
0 217.000000 0.166667 80
0 227.000000 0.230769 87
0 216.000000 0.250000 80
0 240.000000 0.166667 80
0 259.000000 0.250000 80
0 277.000000 0.230769 87
0 263.000000 0.307692 87
0 258.000000 0.285714 93
0 256.000000 0.230769 87
0 237.000000 0.214286 93
0 234.000000 0.153846 87
0 238.000000 0.153846 87
0 247.000000 0.153846 87
0 254.000000 0.153846 87
0 205.000000 0.166667 80
0 225.000000 0.076923 87
0 232.000000 0.166667 80
0 204.000000 0.166667 80
0 211.000000 0.166667 80
0 251.000000 0.230769 87
0 262.000000 0.230769 87
0 235.000000 0.230769 87
0 221.000000 0.142857 93
0 216.000000 0.153846 87
0 245.000000 0.214286 93
0 245.000000 0.230769 87
0 221.000000 0.230769 87
0 242.000000 0.230769 87
0 245.000000 0.230769 87
0 229.000000 0.250000 80
0 240.000000 0.307692 87
0 244.000000 0.250000 80
0 239.000000 0.250000 80
0 225.000000 0.250000 80
0 231.000000 0.250000 80
0 228.000000 0.230769 87
0 210.000000 0.250000 80
0 217.000000 0.230769 87
0 184.000000 0.230769 87
0 200.000000 0.153846 87
0 178.000000 0.153846 87
0 180.000000 0.214286 93
0 180.000000 0.153846 87
0 169.000000 0.153846 87
0 171.000000 0.153846 87
0 199.000000 0.153846 87
0 227.000000 0.153846 87
0 227.000000 0.153846 87
0 226.000000 0.153846 87
0 200.000000 0.153846 87
0 213.000000 0.076923 87
0 211.000000 0.076923 87
0 218.000000 0.071429 93
0 208.000000 0.076923 87
0 188.000000 0.071429 93
0 197.000000 0.076923 87
0 210.000000 0.071429 93
0 238.000000 0.153846 87
0 241.000000 0.142857 93
0 269.000000 0.214286 93
0 281.000000 0.214286 93
0 260.000000 0.230769 87
0 260.000000 0.214286 93
0 275.000000 0.230769 87
0 261.000000 0.230769 87
0 248.000000 0.307692 87
0 224.000000 0.230769 87
0 189.000000 0.230769 87
0 184.000000 0.230769 87
0 184.000000 0.230769 87
0 191.000000 0.230769 87
0 201.000000 0.307692 87
0 214.000000 0.230769 87
0 210.000000 0.230769 87
0 200.000000 0.166667 80
0 198.000000 0.153846 87
0 198.000000 0.230769 87
0 203.000000 0.166667 80
0 219.000000 0.153846 87
0 215.000000 0.230769 87
0 211.000000 0.166667 80
0 198.000000 0.153846 87
0 193.000000 0.153846 87
0 217.000000 0.153846 87
0 198.000000 0.166667 80
0 200.000000 0.166667 80
0 187.000000 0.166667 80
0 140.000000 0.181818 73
0 138.000000 0.083333 80
0 136.000000 0.083333 80
0 157.000000 0.090909 73
0 157.000000 0.181818 73
0 178.000000 0.166667 80
0 175.000000 0.250000 80
0 195.000000 0.166667 80
0 185.000000 0.166667 80
0 189.000000 0.166667 80
0 185.000000 0.166667 80
0 199.000000 0.166667 80
0 163.000000 0.166667 80
0 162.000000 0.083333 80
0 159.000000 0.090909 73
0 168.000000 0.083333 80
0 178.000000 0.090909 73
0 196.000000 0.083333 80
0 201.000000 0.083333 80
0 200.000000 0.090909 73
0 224.000000 0.166667 80
0 220.000000 0.166667 80
0 238.000000 0.153846 87
0 217.000000 0.230769 87
0 224.000000 0.166667 80
0 217.000000 0.153846 87
0 236.000000 0.166667 80
0 241.000000 0.250000 80
0 243.000000 0.230769 87
0 227.000000 0.250000 80
0 216.000000 0.250000 80
0 172.000000 0.272727 73
0 174.000000 0.166667 80
0 185.000000 0.166667 80
0 164.000000 0.166667 80
0 167.000000 0.166667 80
0 165.000000 0.166667 80
0 143.000000 0.166667 80
0 176.000000 0.083333 80
0 193.000000 0.153846 87
0 191.000000 0.153846 87
0 192.000000 0.250000 80
0 202.000000 0.230769 87
0 221.000000 0.250000 80
0 233.000000 0.307692 87
0 221.000000 0.230769 87
0 239.000000 0.153846 87
0 215.000000 0.153846 87
0 231.000000 0.153846 87
0 257.000000 0.214286 93
0 252.000000 0.214286 93
0 236.000000 0.142857 93
0 218.000000 0.142857 93
0 246.000000 0.142857 93
0 242.000000 0.142857 93
0 267.000000 0.230769 87
0 267.000000 0.214286 93
0 245.000000 0.230769 87
0 251.000000 0.142857 93
0 244.000000 0.153846 87
0 187.000000 0.142857 93
0 183.000000 0.076923 87
0 177.000000 0.076923 87
0 159.000000 0.076923 87
0 188.000000 0.071429 93
0 180.000000 0.076923 87
0 198.000000 0.076923 87
0 218.000000 0.153846 87
0 211.000000 0.142857 93
0 212.000000 0.153846 87
0 237.000000 0.230769 87
0 235.000000 0.230769 87
0 205.000000 0.250000 80
0 193.000000 0.166667 80
0 167.000000 0.090909 73
0 188.000000 0.090909 73
0 205.000000 0.153846 87
0 214.000000 0.153846 87
0 206.000000 0.142857 93
0 223.000000 0.153846 87
0 177.000000 0.153846 87
0 172.000000 0.083333 80
0 161.000000 0.083333 80
0 149.000000 0.090909 73
0 146.000000 0.090909 73
0 142.000000 0.090909 73
0 158.000000 0.090909 73
0 152.000000 0.100000 67
0 159.000000 0.083333 80
0 145.000000 0.083333 80
0 163.000000 0.166667 80
0 158.000000 0.100000 67
0 148.000000 0.083333 80
0 158.000000 0.090909 73
0 161.000000 0.083333 80
0 177.000000 0.166667 80
0 176.000000 0.166667 80
0 201.000000 0.181818 73
0 197.000000 0.250000 80
0 207.000000 0.181818 73
0 202.000000 0.166667 80
0 178.000000 0.181818 73
0 204.000000 0.166667 80
0 217.000000 0.250000 80
0 248.000000 0.250000 80
0 228.000000 0.250000 80
0 212.000000 0.250000 80
0 211.000000 0.166667 80
0 221.000000 0.166667 80
0 235.000000 0.250000 80
0 236.000000 0.250000 80
0 215.000000 0.250000 80
0 201.000000 0.181818 73
0 193.000000 0.166667 80
0 206.000000 0.166667 80
0 200.000000 0.166667 80
0 222.000000 0.166667 80
0 216.000000 0.250000 80
0 217.000000 0.166667 80
0 197.000000 0.166667 80
0 200.000000 0.181818 73
0 155.000000 0.181818 73
0 143.000000 0.100000 67
0 161.000000 0.100000 67
0 167.000000 0.090909 73
0 143.000000 0.111111 60
0 173.000000 0.090909 73
0 220.000000 0.090909 73
0 239.000000 0.166667 80
0 264.000000 0.166667 80
0 275.000000 0.250000 80
0 245.000000 0.230769 87
0 263.000000 0.230769 87
0 252.000000 0.307692 87
0 171.000000 0.083333 80
0 197.000000 0.153846 87
0 230.000000 0.153846 87
0 225.000000 0.153846 87
0 210.000000 0.166667 80
0 205.000000 0.166667 80
0 184.000000 0.166667 80
0 181.000000 0.166667 80
0 177.000000 0.153846 87
0 174.000000 0.166667 80
0 138.000000 0.090909 73
0 133.000000 0.090909 73
0 135.000000 0.083333 80
0 156.000000 0.083333 80
0 163.000000 0.153846 87
0 173.000000 0.083333 80
0 206.000000 0.153846 87
0 230.000000 0.166667 80
0 247.000000 0.153846 87
0 284.000000 0.230769 87
0 299.000000 0.214286 93
0 312.000000 0.285714 93
0 289.000000 0.285714 93
0 285.000000 0.230769 87
0 255.000000 0.214286 93
0 255.000000 0.153846 87
0 243.000000 0.153846 87
0 256.000000 0.230769 87
0 232.000000 0.153846 87
0 208.000000 0.153846 87
0 227.000000 0.166667 80
0 244.000000 0.153846 87
0 240.000000 0.153846 87
0 242.000000 0.153846 87
0 281.000000 0.153846 87
0 251.000000 0.214286 93
0 255.000000 0.153846 87
0 254.000000 0.142857 93
0 217.000000 0.153846 87
0 196.000000 0.076923 87
0 181.000000 0.076923 87
0 218.000000 0.076923 87
0 209.000000 0.166667 80
0 193.000000 0.153846 87
0 181.000000 0.083333 80
0 193.000000 0.076923 87
0 215.000000 0.153846 87
0 238.000000 0.153846 87
0 257.000000 0.153846 87
0 240.000000 0.230769 87
0 211.000000 0.230769 87
0 212.000000 0.153846 87
0 205.000000 0.153846 87
0 230.000000 0.153846 87
0 220.000000 0.230769 87
0 231.000000 0.166667 80
0 227.000000 0.250000 80
0 208.000000 0.250000 80
0 213.000000 0.166667 80
0 236.000000 0.230769 87
0 218.000000 0.250000 80
0 214.000000 0.272727 73
0 179.000000 0.272727 73
0 187.000000 0.200000 67
0 151.000000 0.200000 67
0 174.000000 0.090909 73
0 169.000000 0.090909 73
0 162.000000 0.181818 73
0 169.000000 0.100000 67
0 202.000000 0.166667 80
0 209.000000 0.166667 80
0 216.000000 0.166667 80
0 240.000000 0.230769 87
0 252.000000 0.230769 87
0 237.000000 0.250000 80
0 216.000000 0.230769 87
0 195.000000 0.166667 80
0 198.000000 0.230769 87
0 198.000000 0.166667 80
0 215.000000 0.166667 80
0 191.000000 0.153846 87
0 173.000000 0.083333 80
0 171.000000 0.083333 80
0 168.000000 0.076923 87
0 170.000000 0.083333 80
0 140.000000 0.083333 80
0 159.000000 0.000000 80
0 161.000000 0.083333 80
0 167.000000 0.076923 87
0 168.000000 0.083333 80
0 201.000000 0.153846 87
0 212.000000 0.153846 87
0 210.000000 0.153846 87
0 214.000000 0.153846 87
0 216.000000 0.142857 93
0 187.000000 0.153846 87
0 196.000000 0.142857 93
0 216.000000 0.153846 87
0 177.000000 0.153846 87
0 154.000000 0.083333 80
0 179.000000 0.076923 87
0 201.000000 0.166667 80
0 211.000000 0.153846 87
0 210.000000 0.166667 80
0 219.000000 0.230769 87
0 233.000000 0.166667 80
0 258.000000 0.153846 87
0 265.000000 0.230769 87
0 286.000000 0.214286 93
0 240.000000 0.230769 87
0 242.000000 0.142857 93
0 252.000000 0.153846 87
0 214.000000 0.142857 93
0 217.000000 0.076923 87
0 190.000000 0.071429 93
0 197.000000 0.076923 87
0 224.000000 0.076923 87
0 246.000000 0.142857 93
0 224.000000 0.153846 87
0 230.000000 0.142857 93
0 238.000000 0.153846 87
0 250.000000 0.230769 87
0 248.000000 0.214286 93
0 275.000000 0.153846 87
0 276.000000 0.214286 93
0 249.000000 0.230769 87
0 235.000000 0.166667 80
0 230.000000 0.153846 87
0 265.000000 0.153846 87
0 262.000000 0.230769 87
0 241.000000 0.153846 87
0 242.000000 0.250000 80
0 230.000000 0.250000 80
0 236.000000 0.166667 80
0 240.000000 0.230769 87
0 224.000000 0.214286 93
0 211.000000 0.230769 87
0 208.000000 0.250000 80
0 212.000000 0.250000 80
0 191.000000 0.250000 80
0 189.000000 0.166667 80
0 215.000000 0.230769 87
0 206.000000 0.250000 80
0 199.000000 0.153846 87
0 229.000000 0.307692 87
0 242.000000 0.333333 80
0 256.000000 0.307692 87
0 265.000000 0.333333 80
0 254.000000 0.333333 80
0 241.000000 0.333333 80
0 241.000000 0.250000 80
0 249.000000 0.230769 87
0 262.000000 0.285714 93
0 241.000000 0.230769 87
0 266.000000 0.230769 87
0 210.000000 0.333333 80
0 216.000000 0.230769 87
0 198.000000 0.230769 87
0 187.000000 0.166667 80
0 193.000000 0.230769 87
0 183.000000 0.250000 80
0 183.000000 0.181818 73
0 184.000000 0.181818 73
0 215.000000 0.250000 80
0 224.000000 0.166667 80
0 267.000000 0.000000 120
0 257.000000 0.000000 120
0 306.000000 0.000000 107
0 320.000000 0.000000 113
0 321.000000 0.000000 113
0 349.000000 0.000000 120
0 330.000000 0.000000 120
0 320.000000 0.000000 120
0 308.000000 0.000000 120
0 301.000000 0.105263 127
0 268.000000 0.105263 127
0 194.000000 0.000000 100
0 197.000000 0.000000 100
0 283.000000 0.000000 93
0 320.000000 0.000000 87
0 343.000000 0.142857 93
0 316.000000 0.133333 100
0 327.000000 0.125000 107
0 266.000000 0.133333 100
0 300.000000 0.125000 107
0 204.000000 0.066667 100
0 180.000000 0.066667 100
0 193.000000 0.066667 100
0 175.000000 0.000000 93
0 165.000000 0.000000 100
0 192.000000 0.000000 93
0 217.000000 0.000000 100
0 179.000000 0.000000 100
0 194.000000 0.000000 93
0 235.000000 0.000000 100
0 221.000000 0.000000 100
0 231.000000 0.000000 107
0 216.000000 0.000000 107
0 213.000000 0.000000 107
0 219.000000 0.000000 113
0 216.000000 0.000000 113
0 217.000000 0.000000 113
0 189.000000 0.000000 100
0 190.000000 0.000000 100
0 197.000000 0.000000 107
0 275.000000 0.058824 113
0 291.000000 0.058824 113
0 304.000000 0.058824 113
0 327.000000 0.052632 127
0 267.000000 0.000000 127
0 128.000000 0.000000 120
0 196.000000 0.000000 120
0 230.000000 0.000000 113
0 227.000000 0.000000 107
0 234.000000 0.000000 107
0 248.000000 0.000000 107
0 277.000000 0.000000 100
0 314.000000 0.066667 100
0 290.000000 0.071429 93
0 290.000000 0.066667 100
0 262.000000 0.071429 93
0 243.000000 0.142857 93
0 281.000000 0.133333 100
0 267.000000 0.133333 100
0 263.000000 0.142857 93
0 269.000000 0.133333 100
0 242.000000 0.071429 93
0 229.000000 0.066667 100
0 218.000000 0.071429 93
0 258.000000 0.066667 100
0 246.000000 0.000000 93
0 183.000000 0.000000 93
0 209.000000 0.000000 100
0 195.000000 0.000000 100
0 211.000000 0.000000 100
0 213.000000 0.000000 107
0 236.000000 0.000000 93
0 269.000000 0.000000 93
0 268.000000 0.000000 93
0 296.000000 0.000000 93
0 272.000000 0.000000 93
0 290.000000 0.000000 100
0 295.000000 0.000000 93
0 298.000000 0.066667 100
0 291.000000 0.071429 93
0 292.000000 0.066667 100
0 285.000000 0.071429 93
0 295.000000 0.066667 100
0 315.000000 0.066667 100
0 320.000000 0.066667 100
0 304.000000 0.071429 93
0 326.000000 0.066667 100
0 326.000000 0.000000 100
0 302.000000 0.000000 100
0 299.000000 0.000000 100
0 332.000000 0.000000 100
0 309.000000 0.000000 107
0 280.000000 0.000000 100
0 273.000000 0.000000 100
0 258.000000 0.000000 100
0 275.000000 0.000000 100
0 276.000000 0.000000 100
0 273.000000 0.000000 107
0 259.000000 0.000000 100
0 254.000000 0.000000 107
0 240.000000 0.000000 100
0 273.000000 0.000000 100
0 262.000000 0.000000 100
0 259.000000 0.000000 100
0 264.000000 0.000000 107
0 267.000000 0.000000 100
0 260.000000 0.000000 100
0 286.000000 0.000000 107
0 290.000000 0.000000 100
0 268.000000 0.000000 100
0 231.000000 0.000000 107
0 240.000000 0.000000 107
0 223.000000 0.000000 113
0 241.000000 0.000000 100
0 255.000000 0.000000 100
0 240.000000 0.000000 100
0 230.000000 0.000000 93
0 237.000000 0.000000 100
0 248.000000 0.000000 100
0 291.000000 0.000000 100
0 299.000000 0.000000 93
0 302.000000 0.000000 93
0 271.000000 0.000000 100
0 258.000000 0.000000 107
0 253.000000 0.000000 107
0 262.000000 0.000000 113
0 267.000000 0.000000 107
0 270.000000 0.000000 107
0 262.000000 0.000000 107
0 270.000000 0.000000 113
0 257.000000 0.000000 107
0 253.000000 0.000000 107
0 253.000000 0.000000 100
0 252.000000 0.000000 100
0 260.000000 0.000000 93
0 259.000000 0.000000 100
0 258.000000 0.000000 93
0 272.000000 0.000000 93
0 286.000000 0.000000 93
0 268.000000 0.000000 93
0 274.000000 0.000000 100
0 277.000000 0.000000 100
0 271.000000 0.000000 93
0 266.000000 0.000000 100
0 255.000000 0.000000 100
0 250.000000 0.000000 100
0 228.000000 0.000000 100
0 209.000000 0.000000 93
0 272.000000 0.000000 100
0 273.000000 0.000000 93
0 292.000000 0.000000 93
0 284.000000 0.000000 100
0 279.000000 0.000000 93
0 264.000000 0.000000 93
0 252.000000 0.000000 93
0 241.000000 0.000000 93
0 235.000000 0.000000 100
0 242.000000 0.000000 93
0 269.000000 0.000000 93
0 293.000000 0.000000 100
0 265.000000 0.000000 93
0 295.000000 0.000000 100
0 333.000000 0.000000 93
0 301.000000 0.000000 100
0 337.000000 0.000000 93
0 305.000000 0.000000 93
0 312.000000 0.000000 100
0 277.000000 0.000000 93
0 270.000000 0.000000 93
0 275.000000 0.000000 93
0 281.000000 0.000000 93
0 277.000000 0.000000 100
0 300.000000 0.000000 100
0 195.000000 0.000000 100
0 185.000000 0.000000 100
0 210.000000 0.000000 100
0 210.000000 0.000000 100
0 211.000000 0.000000 93
0 193.000000 0.000000 100
0 200.000000 0.000000 100
0 205.000000 0.000000 93
0 214.000000 0.000000 93
0 227.000000 0.000000 100
0 224.000000 0.000000 100
0 299.000000 0.000000 100
0 286.000000 0.000000 100
0 298.000000 0.000000 100
0 294.000000 0.000000 100
0 316.000000 0.000000 93
0 307.000000 0.000000 100
0 314.000000 0.000000 100
0 319.000000 0.000000 100
0 329.000000 0.000000 100
0 339.000000 0.000000 100
0 326.000000 0.000000 100
0 323.000000 0.000000 107
0 336.000000 0.000000 107
0 305.000000 0.000000 107
0 299.000000 0.000000 107
0 306.000000 0.000000 107
0 283.000000 0.000000 100
0 281.000000 0.000000 100
0 285.000000 0.000000 93
0 283.000000 0.000000 100
0 275.000000 0.000000 93
1 391.000000 0.733333 100
1 391.000000 0.800000 100
1 382.000000 0.800000 100
1 390.000000 0.800000 100
1 385.000000 0.800000 100
1 386.000000 0.800000 100
1 361.000000 0.750000 107
1 392.000000 0.687500 107
1 403.000000 0.666667 100
1 377.000000 0.687500 107
1 416.000000 0.687500 107
1 454.000000 0.625000 107
1 434.000000 0.647059 113
1 424.000000 0.647059 113
1 442.000000 0.647059 113
1 422.000000 0.687500 107
1 430.000000 0.750000 107
1 431.000000 0.823529 113
1 433.000000 0.882353 113
1 459.000000 0.941176 113
1 450.000000 1.000000 113
1 430.000000 1.000000 107
1 443.000000 1.000000 107
1 449.000000 1.000000 107
1 463.000000 1.000000 113
1 466.000000 1.000000 113
1 479.000000 0.937500 107
1 363.000000 1.000000 113
1 334.000000 1.000000 107
1 341.000000 1.000000 107
1 347.000000 0.937500 107
1 351.000000 0.937500 107
1 350.000000 0.882353 113
1 351.000000 0.812500 107
1 330.000000 0.812500 107
1 330.000000 0.812500 107
1 327.000000 0.812500 107
1 331.000000 0.812500 107
1 330.000000 0.812500 107
1 324.000000 0.875000 107
1 340.000000 0.875000 107
1 334.000000 0.937500 107
1 335.000000 0.937500 107
1 332.000000 0.875000 107
1 326.000000 0.812500 107
1 314.000000 0.800000 100
1 341.000000 0.750000 107
1 337.000000 0.750000 107
1 339.000000 0.733333 100
1 354.000000 0.666667 100
1 374.000000 0.600000 100
1 359.000000 0.666667 100
1 342.000000 0.666667 100
1 365.000000 0.666667 100
1 347.000000 0.625000 107
1 359.000000 0.600000 100
1 330.000000 0.571429 93
0 234.000000 0.000000 107
0 233.000000 0.000000 100
0 204.000000 0.000000 107
0 207.000000 0.000000 100
0 199.000000 0.000000 100
0 216.000000 0.000000 100
0 216.000000 0.000000 100
0 243.000000 0.000000 107
0 262.000000 0.000000 107
0 287.000000 0.000000 107
0 299.000000 0.000000 113
0 294.000000 0.000000 120
0 290.000000 0.000000 127
0 285.000000 0.000000 127
0 263.000000 0.000000 133
0 271.000000 0.000000 133
0 280.000000 0.000000 133
